#
# There is insufficient memory for the Java Runtime Environment to continue.
# Native memory allocation (mmap) failed to map 130023424 bytes for G1 virtual space
# Possible reasons:
#   The system is out of physical RAM or swap space
#   The process is running with CompressedOops enabled, and the Java Heap may be blocking the growth of the native heap
# Possible solutions:
#   Reduce memory load on the system
#   Increase physical memory or swap space
#   Check if swap backing store is full
#   Decrease Java heap size (-Xmx/-Xms)
#   Decrease number of Java threads
#   Decrease Java thread stack sizes (-Xss)
#   Set larger code cache with -XX:ReservedCodeCacheSize=
#   JVM is running with Unscaled Compressed Oops mode in which the Java heap is
#     placed in the first 4GB address space. The Java Heap base address is the
#     maximum limit for the native heap growth. Please use -XX:HeapBaseMinAddress
#     to set the Java Heap base and to place the Java Heap above 4GB virtual address.
# This output file may be truncated or incomplete.
#
#  Out of Memory Error (os_windows.cpp:3548), pid=21192, tid=12076
#
# JRE version:  (17.0.5+8) (build )
# Java VM: OpenJDK 64-Bit Server VM (17.0.5+8-LTS, mixed mode, sharing, tiered, compressed oops, compressed class ptrs, g1 gc, windows-amd64)
# No core dump will be written. Minidumps are not enabled by default on client versions of Windows
#

---------------  S U M M A R Y ------------

Command Line: -Dfile.encoding=windows-1252 -Duser.country=IN -Duser.language=en -Duser.variant Main2

Host: Intel(R) Core(TM) i5-1035G1 CPU @ 1.00GHz, 8 cores, 7G,  Windows 10 , 64 bit Build 19041 (10.0.19041.2251)
Time: Mon Dec  5 21:44:29 2022 Eastern Standard Time elapsed time: 0.023943 seconds (0d 0h 0m 0s)

---------------  T H R E A D  ---------------

Current thread (0x00000249ebcc2f80):  JavaThread "Unknown thread" [_thread_in_vm, id=12076, stack(0x000000c616300000,0x000000c616400000)]

Stack: [0x000000c616300000,0x000000c616400000]
Native frames: (J=compiled Java code, j=interpreted, Vv=VM code, C=native code)
V  [jvm.dll+0x646e0a]
V  [jvm.dll+0x7f7f14]
V  [jvm.dll+0x7f96ce]
V  [jvm.dll+0x7f9d23]
V  [jvm.dll+0x234c98]
V  [jvm.dll+0x643d6a]
V  [jvm.dll+0x63849a]
V  [jvm.dll+0x2f2ed9]
V  [jvm.dll+0x2fa066]
V  [jvm.dll+0x345a2a]
V  [jvm.dll+0x345c6f]
V  [jvm.dll+0x2c9378]
V  [jvm.dll+0x2ca309]
V  [jvm.dll+0x7cb681]
V  [jvm.dll+0x352eb1]
V  [jvm.dll+0x7abb8e]
V  [jvm.dll+0x3ce293]
V  [jvm.dll+0x3cfc91]
C  [jli.dll+0x519f]
C  [ucrtbase.dll+0x21bb2]
C  [KERNEL32.DLL+0x174b4]
C  [ntdll.dll+0x526a1]


---------------  P R O C E S S  ---------------

Threads class SMR info:
_java_thread_list=0x00007ffa66416758, length=0, elements={
}

Java Threads: ( => current thread )

Other Threads:
  0x00000249ebd1f700 GCTaskThread "GC Thread#0" [stack: 0x000000c616400000,0x000000c616500000] [id=16312]
  0x00000249ebd2fcc0 ConcurrentGCThread "G1 Main Marker" [stack: 0x000000c616500000,0x000000c616600000] [id=7788]
  0x00000249ebd30f10 ConcurrentGCThread "G1 Conc#0" [stack: 0x000000c616600000,0x000000c616700000] [id=21348]

[error occurred during error reporting (printing all threads), id 0xc0000005, EXCEPTION_ACCESS_VIOLATION (0xc0000005) at pc=0x00007ffa65c0a567]

VM state: not at safepoint (not fully initialized)

VM Mutex/Monitor currently owned by a thread:  ([mutex/lock_event])
[0x00000249ebcbee60] Heap_lock - owner thread: 0x00000249ebcc2f80

Heap address: 0x0000000084c00000, size: 1972 MB, Compressed Oops mode: 32-bit

CDS archive(s) mapped at: [0x0000000000000000-0x0000000000000000-0x0000000000000000), size 0, SharedBaseAddress: 0x0000000800000000, ArchiveRelocationMode: 0.
Narrow klass base: 0x0000000000000000, Narrow klass shift: 0, Narrow klass range: 0x0

GC Precious Log:
<Empty>

Heap:
 garbage-first heap   total 0K, used 0K [0x0000000084c00000, 0x0000000100000000)
  region size 1024K, 0 young (0K), 0 survivors (0K)

[error occurred during error reporting (printing heap information), id 0xc0000005, EXCEPTION_ACCESS_VIOLATION (0xc0000005) at pc=0x00007ffa65fce739]

GC Heap History (0 events):
No events

Dll operation events (1 events):
Event: 0.013 Loaded shared library C:\Users\Hp\.jdks\corretto-17.0.5\bin\java.dll

Deoptimization events (0 events):
No events

Classes unloaded (0 events):
No events

Classes redefined (0 events):
No events

Internal exceptions (0 events):
No events

VM Operations (0 events):
No events

Events (0 events):
No events


Dynamic libraries:
0x00007ff7eec10000 - 0x00007ff7eec1d000 	C:\Users\Hp\.jdks\corretto-17.0.5\bin\java.exe
0x00007ffac6110000 - 0x00007ffac6308000 	C:\windows\SYSTEM32\ntdll.dll
0x00007ffac5250000 - 0x00007ffac530f000 	C:\windows\System32\KERNEL32.DLL
0x00007ffac3d20000 - 0x00007ffac3ff2000 	C:\windows\System32\KERNELBASE.dll
0x00007ffac3810000 - 0x00007ffac3910000 	C:\windows\System32\ucrtbase.dll
0x00007ffa9a510000 - 0x00007ffa9a525000 	C:\Users\Hp\.jdks\corretto-17.0.5\bin\VCRUNTIME140.dll
0x00007ffaa4c10000 - 0x00007ffaa4c27000 	C:\Users\Hp\.jdks\corretto-17.0.5\bin\jli.dll
0x00007ffac4450000 - 0x00007ffac45ed000 	C:\windows\System32\USER32.dll
0x00007ffac4100000 - 0x00007ffac4122000 	C:\windows\System32\win32u.dll
0x00007ffaaab90000 - 0x00007ffaaae2a000 	C:\windows\WinSxS\amd64_microsoft.windows.common-controls_6595b64144ccf1df_6.0.19041.1110_none_60b5254171f9507e\COMCTL32.dll
0x00007ffac4870000 - 0x00007ffac489b000 	C:\windows\System32\GDI32.dll
0x00007ffac3a10000 - 0x00007ffac3b1f000 	C:\windows\System32\gdi32full.dll
0x00007ffac4f30000 - 0x00007ffac4fce000 	C:\windows\System32\msvcrt.dll
0x00007ffac3c80000 - 0x00007ffac3d1d000 	C:\windows\System32\msvcp_win.dll
0x00007ffac4ef0000 - 0x00007ffac4f22000 	C:\windows\System32\IMM32.DLL
0x00007ffa8acb0000 - 0x00007ffa8ad4b000 	C:\Users\Hp\.jdks\corretto-17.0.5\bin\msvcp140.dll
0x00007ffa65930000 - 0x00007ffa66544000 	C:\Users\Hp\.jdks\corretto-17.0.5\bin\server\jvm.dll
0x00007ffac4160000 - 0x00007ffac420e000 	C:\windows\System32\ADVAPI32.dll
0x00007ffac51b0000 - 0x00007ffac524c000 	C:\windows\System32\sechost.dll
0x00007ffac4970000 - 0x00007ffac4a95000 	C:\windows\System32\RPCRT4.dll
0x00007ffabbe20000 - 0x00007ffabbe2a000 	C:\windows\SYSTEM32\VERSION.dll
0x00007ffabf100000 - 0x00007ffabf109000 	C:\windows\SYSTEM32\WSOCK32.dll
0x00007ffaa98e0000 - 0x00007ffaa9907000 	C:\windows\SYSTEM32\WINMM.dll
0x00007ffac5bf0000 - 0x00007ffac5c5b000 	C:\windows\System32\WS2_32.dll
0x00007ffac2060000 - 0x00007ffac2072000 	C:\windows\SYSTEM32\kernel.appcore.dll
0x00007ffaaf420000 - 0x00007ffaaf42a000 	C:\Users\Hp\.jdks\corretto-17.0.5\bin\jimage.dll
0x00007ffac1e40000 - 0x00007ffac2024000 	C:\windows\SYSTEM32\DBGHELP.DLL
0x00007ffaacdb0000 - 0x00007ffaacddc000 	C:\windows\SYSTEM32\dbgcore.DLL
0x00007ffac4000000 - 0x00007ffac4082000 	C:\windows\System32\bcryptPrimitives.dll
0x00007ffa98e80000 - 0x00007ffa98ea5000 	C:\Users\Hp\.jdks\corretto-17.0.5\bin\java.dll

dbghelp: loaded successfully - version: 4.0.5 - missing functions: none
symbol engine: initialized successfully - sym options: 0x614 - pdb path: .;C:\Users\Hp\.jdks\corretto-17.0.5\bin;C:\windows\SYSTEM32;C:\windows\WinSxS\amd64_microsoft.windows.common-controls_6595b64144ccf1df_6.0.19041.1110_none_60b5254171f9507e;C:\Users\Hp\.jdks\corretto-17.0.5\bin\server

VM Arguments:
jvm_args: -Dfile.encoding=windows-1252 -Duser.country=IN -Duser.language=en -Duser.variant 
java_command: Main2
java_class_path (initial): C:\Users\Hp\IdeaProjects\course-project-group-131\build\classes\java\main;C:\Users\Hp\IdeaProjects\course-project-group-131\build\resources\main;C:\Users\Hp\.gradle\caches\modules-2\files-2.1\junit\junit\4.13.2\8ac9e16d933b6fb43bc7f576336b8f4d7eb5ba12\junit-4.13.2.jar;C:\Users\Hp\.gradle\caches\modules-2\files-2.1\org.hamcrest\hamcrest-core\1.3\42a25dc3219429f0e5d060061f71acb49bf010a0\hamcrest-core-1.3.jar
Launcher Type: SUN_STANDARD

[Global flags]
     intx CICompilerCount                          = 4                                         {product} {ergonomic}
     uint ConcGCThreads                            = 2                                         {product} {ergonomic}
     uint G1ConcRefinementThreads                  = 8                                         {product} {ergonomic}
   size_t G1HeapRegionSize                         = 1048576                                   {product} {ergonomic}
    uintx GCDrainStackTargetSize                   = 64                                        {product} {ergonomic}
   size_t InitialHeapSize                          = 130023424                                 {product} {ergonomic}
   size_t MarkStackSize                            = 4194304                                   {product} {ergonomic}
   size_t MaxHeapSize                              = 2067791872                                {product} {ergonomic}
   size_t MinHeapDeltaBytes                        = 1048576                                   {product} {ergonomic}
   size_t MinHeapSize                              = 8388608                                   {product} {ergonomic}
    uintx NonNMethodCodeHeapSize                   = 5839372                                {pd product} {ergonomic}
    uintx NonProfiledCodeHeapSize                  = 122909434                              {pd product} {ergonomic}
    uintx ProfiledCodeHeapSize                     = 122909434                              {pd product} {ergonomic}
    uintx ReservedCodeCacheSize                    = 251658240                              {pd product} {ergonomic}
     bool SegmentedCodeCache                       = true                                      {product} {ergonomic}
   size_t SoftMaxHeapSize                          = 2067791872                             {manageable} {ergonomic}
     bool UseCompressedClassPointers               = true                           {product lp64_product} {ergonomic}
     bool UseCompressedOops                        = true                           {product lp64_product} {ergonomic}
     bool UseG1GC                                  = true                                      {product} {ergonomic}
     bool UseLargePagesIndividualAllocation        = false                                  {pd product} {ergonomic}

Logging:
Log output configuration:
 #0: stdout all=warning uptime,level,tags
 #1: stderr all=off uptime,level,tags

Environment Variables:
PATH=C:\Program Files\Python38\Scripts\;C:\Program Files\Python38\;C:\windows\system32;C:\windows;C:\windows\System32\Wbem;C:\windows\System32\WindowsPowerShell\v1.0\;C:\windows\System32\OpenSSH\;C:\Program Files\Git\cmd;C:\Users\Hp\AppData\Local\Microsoft\WindowsApps;;C:\Users\Hp\AppData\Local\Programs\Microsoft VS Code\bin
USERNAME=Hp
OS=Windows_NT
PROCESSOR_IDENTIFIER=Intel64 Family 6 Model 126 Stepping 5, GenuineIntel
TMP=C:\Users\Hp\AppData\Local\Temp
TEMP=C:\Users\Hp\AppData\Local\Temp



---------------  S Y S T E M  ---------------

OS:
 Windows 10 , 64 bit Build 19041 (10.0.19041.2251)
OS uptime: 6 days 3:14 hours

CPU: total 8 (initial active 8) (4 cores per cpu, 2 threads per core) family 6 model 126 stepping 5 microcode 0xa8, cx8, cmov, fxsr, ht, mmx, 3dnowpref, sse, sse2, sse3, ssse3, sse4.1, sse4.2, popcnt, lzcnt, tsc, tscinvbit, avx, avx2, aes, erms, clmul, bmi1, bmi2, adx, avx512f, avx512dq, avx512cd, avx512bw, avx512vl, sha, fma, vzeroupper, avx512_vpopcntdq, avx512_vpclmulqdq, avx512_vaes, avx512_vnni, clflush, clflushopt, avx512_vbmi2, avx512_vbmi

Memory: 4k page, system-wide physical 7880M (842M free)
TotalPageFile size 11630M (AvailPageFile size 48M)
current process WorkingSet (physical memory assigned to process): 10M, peak: 10M
current process commit charge ("private bytes"): 60M, peak: 184M

vm_info: OpenJDK 64-Bit Server VM (17.0.5+8-LTS) for windows-amd64 JRE (17.0.5+8-LTS), built on Oct 13 2022 05:18:14 by "Administrator" with MS VC++ 15.9 (VS2017)

END.
