#
# There is insufficient memory for the Java Runtime Environment to continue.
# Native memory allocation (mmap) failed to map 65536 bytes for Failed to commit metaspace.
# Possible reasons:
#   The system is out of physical RAM or swap space
#   The process is running with CompressedOops enabled, and the Java Heap may be blocking the growth of the native heap
# Possible solutions:
#   Reduce memory load on the system
#   Increase physical memory or swap space
#   Check if swap backing store is full
#   Decrease Java heap size (-Xmx/-Xms)
#   Decrease number of Java threads
#   Decrease Java thread stack sizes (-Xss)
#   Set larger code cache with -XX:ReservedCodeCacheSize=
#   JVM is running with Unscaled Compressed Oops mode in which the Java heap is
#     placed in the first 4GB address space. The Java Heap base address is the
#     maximum limit for the native heap growth. Please use -XX:HeapBaseMinAddress
#     to set the Java Heap base and to place the Java Heap above 4GB virtual address.
# This output file may be truncated or incomplete.
#
#  Out of Memory Error (virtualSpaceNode.cpp:110), pid=18804, tid=20752
#
# JRE version: OpenJDK Runtime Environment Corretto-17.0.5.8.1 (17.0.5+8) (build 17.0.5+8-LTS)
# Java VM: OpenJDK 64-Bit Server VM Corretto-17.0.5.8.1 (17.0.5+8-LTS, mixed mode, sharing, tiered, compressed oops, compressed class ptrs, g1 gc, windows-amd64)
# No core dump will be written. Minidumps are not enabled by default on client versions of Windows
#

---------------  S U M M A R Y ------------

Command Line: -Dfile.encoding=windows-1252 -Duser.country=IN -Duser.language=en -Duser.variant Main2

Host: Intel(R) Core(TM) i5-1035G1 CPU @ 1.00GHz, 8 cores, 7G,  Windows 10 , 64 bit Build 19041 (10.0.19041.2251)
Time: Mon Dec  5 21:35:33 2022 Eastern Standard Time elapsed time: 0.305335 seconds (0d 0h 0m 0s)

---------------  T H R E A D  ---------------

Current thread (0x0000017962670400):  JavaThread "main" [_thread_in_vm, id=20752, stack(0x00000072edd00000,0x00000072ede00000)]

Stack: [0x00000072edd00000,0x00000072ede00000]
Native frames: (J=compiled Java code, j=interpreted, Vv=VM code, C=native code)
V  [jvm.dll+0x646e0a]
V  [jvm.dll+0x7f7f14]
V  [jvm.dll+0x7f96ce]
V  [jvm.dll+0x7f9d23]
V  [jvm.dll+0x234c98]
V  [jvm.dll+0x7f3fdb]
V  [jvm.dll+0x5ee0e6]
V  [jvm.dll+0x5ee14a]
V  [jvm.dll+0x5f0868]
V  [jvm.dll+0x5eea9d]
V  [jvm.dll+0x2296ff]
V  [jvm.dll+0x5f7e65]
V  [jvm.dll+0x1dca66]
V  [jvm.dll+0x1dcef5]
V  [jvm.dll+0x1dd931]
V  [jvm.dll+0x1d3509]
V  [jvm.dll+0x513760]
V  [jvm.dll+0x1e3627]
V  [jvm.dll+0x775572]
V  [jvm.dll+0x776891]
V  [jvm.dll+0x776bc8]
V  [jvm.dll+0x22d22a]
V  [jvm.dll+0x22d47f]
V  [jvm.dll+0x5306e8]
V  [jvm.dll+0x5335fe]
V  [jvm.dll+0x36c5f9]
V  [jvm.dll+0x36bbff]
C  0x000001796a19a5ec

Java frames: (J=compiled Java code, j=interpreted, Vv=VM code)
j  sun.awt.Win32GraphicsEnvironment.makeScreenDevice(I)Ljava/awt/GraphicsDevice;+9 java.desktop@17.0.5
j  sun.java2d.SunGraphicsEnvironment.getScreenDevices()[Ljava/awt/GraphicsDevice;+30 java.desktop@17.0.5
j  sun.awt.Win32GraphicsEnvironment.getDefaultScreenDevice()Ljava/awt/GraphicsDevice;+1 java.desktop@17.0.5
j  java.awt.Window.initGC(Ljava/awt/GraphicsConfiguration;)Ljava/awt/GraphicsConfiguration;+10 java.desktop@17.0.5
j  java.awt.Window.init(Ljava/awt/GraphicsConfiguration;)V+45 java.desktop@17.0.5
j  java.awt.Window.<init>()V+124 java.desktop@17.0.5
j  java.awt.Frame.<init>(Ljava/lang/String;)V+1 java.desktop@17.0.5
j  javax.swing.JFrame.<init>(Ljava/lang/String;)V+2 java.desktop@17.0.5
j  Main2.main([Ljava/lang/String;)V+9
v  ~StubRoutines::call_stub

---------------  P R O C E S S  ---------------

Threads class SMR info:
_java_thread_list=0x00000179014dc520, length=12, elements={
0x0000017962670400, 0x000001790091a240, 0x000001790091bc00, 0x0000017900930e60,
0x0000017900931720, 0x00000179009348f0, 0x0000017900937de0, 0x0000017900938690,
0x0000017900940160, 0x0000017900941680, 0x00000179014ff850, 0x0000017901520140
}

Java Threads: ( => current thread )
=>0x0000017962670400 JavaThread "main" [_thread_in_vm, id=20752, stack(0x00000072edd00000,0x00000072ede00000)]
  0x000001790091a240 JavaThread "Reference Handler" daemon [_thread_blocked, id=8276, stack(0x00000072ee400000,0x00000072ee500000)]
  0x000001790091bc00 JavaThread "Finalizer" daemon [_thread_blocked, id=10324, stack(0x00000072ee500000,0x00000072ee600000)]
  0x0000017900930e60 JavaThread "Signal Dispatcher" daemon [_thread_blocked, id=21280, stack(0x00000072ee600000,0x00000072ee700000)]
  0x0000017900931720 JavaThread "Attach Listener" daemon [_thread_blocked, id=19312, stack(0x00000072ee700000,0x00000072ee800000)]
  0x00000179009348f0 JavaThread "Service Thread" daemon [_thread_blocked, id=2892, stack(0x00000072ee800000,0x00000072ee900000)]
  0x0000017900937de0 JavaThread "Monitor Deflation Thread" daemon [_thread_blocked, id=6796, stack(0x00000072ee900000,0x00000072eea00000)]
  0x0000017900938690 JavaThread "C2 CompilerThread0" daemon [_thread_blocked, id=3552, stack(0x00000072eea00000,0x00000072eeb00000)]
  0x0000017900940160 JavaThread "C1 CompilerThread0" daemon [_thread_blocked, id=20184, stack(0x00000072eeb00000,0x00000072eec00000)]
  0x0000017900941680 JavaThread "Sweeper thread" daemon [_thread_blocked, id=8180, stack(0x00000072eec00000,0x00000072eed00000)]
  0x00000179014ff850 JavaThread "Notification Thread" daemon [_thread_blocked, id=13524, stack(0x00000072eed00000,0x00000072eee00000)]
  0x0000017901520140 JavaThread "Common-Cleaner" daemon [_thread_blocked, id=3660, stack(0x00000072eef00000,0x00000072ef000000)]

Other Threads:
  0x00000179009167a0 VMThread "VM Thread" [stack: 0x00000072ee300000,0x00000072ee400000] [id=19848]
  0x00000179626e4480 WatcherThread [stack: 0x00000072eee00000,0x00000072eef00000] [id=14004]
  0x00000179626cbb70 GCTaskThread "GC Thread#0" [stack: 0x00000072ede00000,0x00000072edf00000] [id=5508]
  0x00000179626dd140 ConcurrentGCThread "G1 Main Marker" [stack: 0x00000072edf00000,0x00000072ee000000] [id=9064]
  0x00000179626ddb50 ConcurrentGCThread "G1 Conc#0" [stack: 0x00000072ee000000,0x00000072ee100000] [id=16880]
  0x000001796274db60 ConcurrentGCThread "G1 Refine#0" [stack: 0x00000072ee100000,0x00000072ee200000] [id=18848]
  0x000001796274e580 ConcurrentGCThread "G1 Service" [stack: 0x00000072ee200000,0x00000072ee300000] [id=9504]

Threads with active compile tasks:

VM state: not at safepoint (normal execution)

VM Mutex/Monitor currently owned by a thread:  ([mutex/lock_event])
[0x000001796266a640] Metaspace_lock - owner thread: 0x0000017962670400

Heap address: 0x0000000084c00000, size: 1972 MB, Compressed Oops mode: 32-bit

CDS archive(s) mapped at: [0x0000000800000000-0x0000000800bc0000-0x0000000800bc0000), size 12320768, SharedBaseAddress: 0x0000000800000000, ArchiveRelocationMode: 0.
Compressed class space mapped at: 0x0000000800c00000-0x0000000840c00000, reserved size: 1073741824
Narrow klass base: 0x0000000800000000, Narrow klass shift: 0, Narrow klass range: 0x100000000

GC Precious Log:
 CPUs: 8 total, 8 available
 Memory: 7880M
 Large Page Support: Disabled
 NUMA Support: Disabled
 Compressed Oops: Enabled (32-bit)
 Heap Region Size: 1M
 Heap Min Capacity: 8M
 Heap Initial Capacity: 124M
 Heap Max Capacity: 1972M
 Pre-touch: Disabled
 Parallel Workers: 8
 Concurrent Workers: 2
 Concurrent Refinement Workers: 8
 Periodic GC: Disabled

Heap:
 garbage-first heap   total 126976K, used 2048K [0x0000000084c00000, 0x0000000100000000)
  region size 1024K, 3 young (3072K), 0 survivors (0K)
 Metaspace       used 2344K, committed 2432K, reserved 1056768K
  class space    used 228K, committed 256K, reserved 1048576K

Heap Regions: E=young(eden), S=young(survivor), O=old, HS=humongous(starts), HC=humongous(continues), CS=collection set, F=free, OA=open archive, CA=closed archive, TAMS=top-at-mark-start (previous, next)
|   0|0x0000000084c00000, 0x0000000084c00000, 0x0000000084d00000|  0%| F|  |TAMS 0x0000000084c00000, 0x0000000084c00000| Untracked 
|   1|0x0000000084d00000, 0x0000000084d00000, 0x0000000084e00000|  0%| F|  |TAMS 0x0000000084d00000, 0x0000000084d00000| Untracked 
|   2|0x0000000084e00000, 0x0000000084e00000, 0x0000000084f00000|  0%| F|  |TAMS 0x0000000084e00000, 0x0000000084e00000| Untracked 
|   3|0x0000000084f00000, 0x0000000084f00000, 0x0000000085000000|  0%| F|  |TAMS 0x0000000084f00000, 0x0000000084f00000| Untracked 
|   4|0x0000000085000000, 0x0000000085000000, 0x0000000085100000|  0%| F|  |TAMS 0x0000000085000000, 0x0000000085000000| Untracked 
|   5|0x0000000085100000, 0x0000000085100000, 0x0000000085200000|  0%| F|  |TAMS 0x0000000085100000, 0x0000000085100000| Untracked 
|   6|0x0000000085200000, 0x0000000085200000, 0x0000000085300000|  0%| F|  |TAMS 0x0000000085200000, 0x0000000085200000| Untracked 
|   7|0x0000000085300000, 0x0000000085300000, 0x0000000085400000|  0%| F|  |TAMS 0x0000000085300000, 0x0000000085300000| Untracked 
|   8|0x0000000085400000, 0x0000000085400000, 0x0000000085500000|  0%| F|  |TAMS 0x0000000085400000, 0x0000000085400000| Untracked 
|   9|0x0000000085500000, 0x0000000085500000, 0x0000000085600000|  0%| F|  |TAMS 0x0000000085500000, 0x0000000085500000| Untracked 
|  10|0x0000000085600000, 0x0000000085600000, 0x0000000085700000|  0%| F|  |TAMS 0x0000000085600000, 0x0000000085600000| Untracked 
|  11|0x0000000085700000, 0x0000000085700000, 0x0000000085800000|  0%| F|  |TAMS 0x0000000085700000, 0x0000000085700000| Untracked 
|  12|0x0000000085800000, 0x0000000085800000, 0x0000000085900000|  0%| F|  |TAMS 0x0000000085800000, 0x0000000085800000| Untracked 
|  13|0x0000000085900000, 0x0000000085900000, 0x0000000085a00000|  0%| F|  |TAMS 0x0000000085900000, 0x0000000085900000| Untracked 
|  14|0x0000000085a00000, 0x0000000085a00000, 0x0000000085b00000|  0%| F|  |TAMS 0x0000000085a00000, 0x0000000085a00000| Untracked 
|  15|0x0000000085b00000, 0x0000000085b00000, 0x0000000085c00000|  0%| F|  |TAMS 0x0000000085b00000, 0x0000000085b00000| Untracked 
|  16|0x0000000085c00000, 0x0000000085c00000, 0x0000000085d00000|  0%| F|  |TAMS 0x0000000085c00000, 0x0000000085c00000| Untracked 
|  17|0x0000000085d00000, 0x0000000085d00000, 0x0000000085e00000|  0%| F|  |TAMS 0x0000000085d00000, 0x0000000085d00000| Untracked 
|  18|0x0000000085e00000, 0x0000000085e00000, 0x0000000085f00000|  0%| F|  |TAMS 0x0000000085e00000, 0x0000000085e00000| Untracked 
|  19|0x0000000085f00000, 0x0000000085f00000, 0x0000000086000000|  0%| F|  |TAMS 0x0000000085f00000, 0x0000000085f00000| Untracked 
|  20|0x0000000086000000, 0x0000000086000000, 0x0000000086100000|  0%| F|  |TAMS 0x0000000086000000, 0x0000000086000000| Untracked 
|  21|0x0000000086100000, 0x0000000086100000, 0x0000000086200000|  0%| F|  |TAMS 0x0000000086100000, 0x0000000086100000| Untracked 
|  22|0x0000000086200000, 0x0000000086200000, 0x0000000086300000|  0%| F|  |TAMS 0x0000000086200000, 0x0000000086200000| Untracked 
|  23|0x0000000086300000, 0x0000000086300000, 0x0000000086400000|  0%| F|  |TAMS 0x0000000086300000, 0x0000000086300000| Untracked 
|  24|0x0000000086400000, 0x0000000086400000, 0x0000000086500000|  0%| F|  |TAMS 0x0000000086400000, 0x0000000086400000| Untracked 
|  25|0x0000000086500000, 0x0000000086500000, 0x0000000086600000|  0%| F|  |TAMS 0x0000000086500000, 0x0000000086500000| Untracked 
|  26|0x0000000086600000, 0x0000000086600000, 0x0000000086700000|  0%| F|  |TAMS 0x0000000086600000, 0x0000000086600000| Untracked 
|  27|0x0000000086700000, 0x0000000086700000, 0x0000000086800000|  0%| F|  |TAMS 0x0000000086700000, 0x0000000086700000| Untracked 
|  28|0x0000000086800000, 0x0000000086800000, 0x0000000086900000|  0%| F|  |TAMS 0x0000000086800000, 0x0000000086800000| Untracked 
|  29|0x0000000086900000, 0x0000000086900000, 0x0000000086a00000|  0%| F|  |TAMS 0x0000000086900000, 0x0000000086900000| Untracked 
|  30|0x0000000086a00000, 0x0000000086a00000, 0x0000000086b00000|  0%| F|  |TAMS 0x0000000086a00000, 0x0000000086a00000| Untracked 
|  31|0x0000000086b00000, 0x0000000086b00000, 0x0000000086c00000|  0%| F|  |TAMS 0x0000000086b00000, 0x0000000086b00000| Untracked 
|  32|0x0000000086c00000, 0x0000000086c00000, 0x0000000086d00000|  0%| F|  |TAMS 0x0000000086c00000, 0x0000000086c00000| Untracked 
|  33|0x0000000086d00000, 0x0000000086d00000, 0x0000000086e00000|  0%| F|  |TAMS 0x0000000086d00000, 0x0000000086d00000| Untracked 
|  34|0x0000000086e00000, 0x0000000086e00000, 0x0000000086f00000|  0%| F|  |TAMS 0x0000000086e00000, 0x0000000086e00000| Untracked 
|  35|0x0000000086f00000, 0x0000000086f00000, 0x0000000087000000|  0%| F|  |TAMS 0x0000000086f00000, 0x0000000086f00000| Untracked 
|  36|0x0000000087000000, 0x0000000087000000, 0x0000000087100000|  0%| F|  |TAMS 0x0000000087000000, 0x0000000087000000| Untracked 
|  37|0x0000000087100000, 0x0000000087100000, 0x0000000087200000|  0%| F|  |TAMS 0x0000000087100000, 0x0000000087100000| Untracked 
|  38|0x0000000087200000, 0x0000000087200000, 0x0000000087300000|  0%| F|  |TAMS 0x0000000087200000, 0x0000000087200000| Untracked 
|  39|0x0000000087300000, 0x0000000087300000, 0x0000000087400000|  0%| F|  |TAMS 0x0000000087300000, 0x0000000087300000| Untracked 
|  40|0x0000000087400000, 0x0000000087400000, 0x0000000087500000|  0%| F|  |TAMS 0x0000000087400000, 0x0000000087400000| Untracked 
|  41|0x0000000087500000, 0x0000000087500000, 0x0000000087600000|  0%| F|  |TAMS 0x0000000087500000, 0x0000000087500000| Untracked 
|  42|0x0000000087600000, 0x0000000087600000, 0x0000000087700000|  0%| F|  |TAMS 0x0000000087600000, 0x0000000087600000| Untracked 
|  43|0x0000000087700000, 0x0000000087700000, 0x0000000087800000|  0%| F|  |TAMS 0x0000000087700000, 0x0000000087700000| Untracked 
|  44|0x0000000087800000, 0x0000000087800000, 0x0000000087900000|  0%| F|  |TAMS 0x0000000087800000, 0x0000000087800000| Untracked 
|  45|0x0000000087900000, 0x0000000087900000, 0x0000000087a00000|  0%| F|  |TAMS 0x0000000087900000, 0x0000000087900000| Untracked 
|  46|0x0000000087a00000, 0x0000000087a00000, 0x0000000087b00000|  0%| F|  |TAMS 0x0000000087a00000, 0x0000000087a00000| Untracked 
|  47|0x0000000087b00000, 0x0000000087b00000, 0x0000000087c00000|  0%| F|  |TAMS 0x0000000087b00000, 0x0000000087b00000| Untracked 
|  48|0x0000000087c00000, 0x0000000087c00000, 0x0000000087d00000|  0%| F|  |TAMS 0x0000000087c00000, 0x0000000087c00000| Untracked 
|  49|0x0000000087d00000, 0x0000000087d00000, 0x0000000087e00000|  0%| F|  |TAMS 0x0000000087d00000, 0x0000000087d00000| Untracked 
|  50|0x0000000087e00000, 0x0000000087e00000, 0x0000000087f00000|  0%| F|  |TAMS 0x0000000087e00000, 0x0000000087e00000| Untracked 
|  51|0x0000000087f00000, 0x0000000087f00000, 0x0000000088000000|  0%| F|  |TAMS 0x0000000087f00000, 0x0000000087f00000| Untracked 
|  52|0x0000000088000000, 0x0000000088000000, 0x0000000088100000|  0%| F|  |TAMS 0x0000000088000000, 0x0000000088000000| Untracked 
|  53|0x0000000088100000, 0x0000000088100000, 0x0000000088200000|  0%| F|  |TAMS 0x0000000088100000, 0x0000000088100000| Untracked 
|  54|0x0000000088200000, 0x0000000088200000, 0x0000000088300000|  0%| F|  |TAMS 0x0000000088200000, 0x0000000088200000| Untracked 
|  55|0x0000000088300000, 0x0000000088300000, 0x0000000088400000|  0%| F|  |TAMS 0x0000000088300000, 0x0000000088300000| Untracked 
|  56|0x0000000088400000, 0x0000000088400000, 0x0000000088500000|  0%| F|  |TAMS 0x0000000088400000, 0x0000000088400000| Untracked 
|  57|0x0000000088500000, 0x0000000088500000, 0x0000000088600000|  0%| F|  |TAMS 0x0000000088500000, 0x0000000088500000| Untracked 
|  58|0x0000000088600000, 0x0000000088600000, 0x0000000088700000|  0%| F|  |TAMS 0x0000000088600000, 0x0000000088600000| Untracked 
|  59|0x0000000088700000, 0x0000000088700000, 0x0000000088800000|  0%| F|  |TAMS 0x0000000088700000, 0x0000000088700000| Untracked 
|  60|0x0000000088800000, 0x0000000088800000, 0x0000000088900000|  0%| F|  |TAMS 0x0000000088800000, 0x0000000088800000| Untracked 
|  61|0x0000000088900000, 0x0000000088900000, 0x0000000088a00000|  0%| F|  |TAMS 0x0000000088900000, 0x0000000088900000| Untracked 
|  62|0x0000000088a00000, 0x0000000088a00000, 0x0000000088b00000|  0%| F|  |TAMS 0x0000000088a00000, 0x0000000088a00000| Untracked 
|  63|0x0000000088b00000, 0x0000000088b00000, 0x0000000088c00000|  0%| F|  |TAMS 0x0000000088b00000, 0x0000000088b00000| Untracked 
|  64|0x0000000088c00000, 0x0000000088c00000, 0x0000000088d00000|  0%| F|  |TAMS 0x0000000088c00000, 0x0000000088c00000| Untracked 
|  65|0x0000000088d00000, 0x0000000088d00000, 0x0000000088e00000|  0%| F|  |TAMS 0x0000000088d00000, 0x0000000088d00000| Untracked 
|  66|0x0000000088e00000, 0x0000000088e00000, 0x0000000088f00000|  0%| F|  |TAMS 0x0000000088e00000, 0x0000000088e00000| Untracked 
|  67|0x0000000088f00000, 0x0000000088f00000, 0x0000000089000000|  0%| F|  |TAMS 0x0000000088f00000, 0x0000000088f00000| Untracked 
|  68|0x0000000089000000, 0x0000000089000000, 0x0000000089100000|  0%| F|  |TAMS 0x0000000089000000, 0x0000000089000000| Untracked 
|  69|0x0000000089100000, 0x0000000089100000, 0x0000000089200000|  0%| F|  |TAMS 0x0000000089100000, 0x0000000089100000| Untracked 
|  70|0x0000000089200000, 0x0000000089200000, 0x0000000089300000|  0%| F|  |TAMS 0x0000000089200000, 0x0000000089200000| Untracked 
|  71|0x0000000089300000, 0x0000000089300000, 0x0000000089400000|  0%| F|  |TAMS 0x0000000089300000, 0x0000000089300000| Untracked 
|  72|0x0000000089400000, 0x0000000089400000, 0x0000000089500000|  0%| F|  |TAMS 0x0000000089400000, 0x0000000089400000| Untracked 
|  73|0x0000000089500000, 0x0000000089500000, 0x0000000089600000|  0%| F|  |TAMS 0x0000000089500000, 0x0000000089500000| Untracked 
|  74|0x0000000089600000, 0x0000000089600000, 0x0000000089700000|  0%| F|  |TAMS 0x0000000089600000, 0x0000000089600000| Untracked 
|  75|0x0000000089700000, 0x0000000089700000, 0x0000000089800000|  0%| F|  |TAMS 0x0000000089700000, 0x0000000089700000| Untracked 
|  76|0x0000000089800000, 0x0000000089800000, 0x0000000089900000|  0%| F|  |TAMS 0x0000000089800000, 0x0000000089800000| Untracked 
|  77|0x0000000089900000, 0x0000000089900000, 0x0000000089a00000|  0%| F|  |TAMS 0x0000000089900000, 0x0000000089900000| Untracked 
|  78|0x0000000089a00000, 0x0000000089a00000, 0x0000000089b00000|  0%| F|  |TAMS 0x0000000089a00000, 0x0000000089a00000| Untracked 
|  79|0x0000000089b00000, 0x0000000089b00000, 0x0000000089c00000|  0%| F|  |TAMS 0x0000000089b00000, 0x0000000089b00000| Untracked 
|  80|0x0000000089c00000, 0x0000000089c00000, 0x0000000089d00000|  0%| F|  |TAMS 0x0000000089c00000, 0x0000000089c00000| Untracked 
|  81|0x0000000089d00000, 0x0000000089d00000, 0x0000000089e00000|  0%| F|  |TAMS 0x0000000089d00000, 0x0000000089d00000| Untracked 
|  82|0x0000000089e00000, 0x0000000089e00000, 0x0000000089f00000|  0%| F|  |TAMS 0x0000000089e00000, 0x0000000089e00000| Untracked 
|  83|0x0000000089f00000, 0x0000000089f00000, 0x000000008a000000|  0%| F|  |TAMS 0x0000000089f00000, 0x0000000089f00000| Untracked 
|  84|0x000000008a000000, 0x000000008a000000, 0x000000008a100000|  0%| F|  |TAMS 0x000000008a000000, 0x000000008a000000| Untracked 
|  85|0x000000008a100000, 0x000000008a100000, 0x000000008a200000|  0%| F|  |TAMS 0x000000008a100000, 0x000000008a100000| Untracked 
|  86|0x000000008a200000, 0x000000008a200000, 0x000000008a300000|  0%| F|  |TAMS 0x000000008a200000, 0x000000008a200000| Untracked 
|  87|0x000000008a300000, 0x000000008a300000, 0x000000008a400000|  0%| F|  |TAMS 0x000000008a300000, 0x000000008a300000| Untracked 
|  88|0x000000008a400000, 0x000000008a400000, 0x000000008a500000|  0%| F|  |TAMS 0x000000008a400000, 0x000000008a400000| Untracked 
|  89|0x000000008a500000, 0x000000008a500000, 0x000000008a600000|  0%| F|  |TAMS 0x000000008a500000, 0x000000008a500000| Untracked 
|  90|0x000000008a600000, 0x000000008a600000, 0x000000008a700000|  0%| F|  |TAMS 0x000000008a600000, 0x000000008a600000| Untracked 
|  91|0x000000008a700000, 0x000000008a700000, 0x000000008a800000|  0%| F|  |TAMS 0x000000008a700000, 0x000000008a700000| Untracked 
|  92|0x000000008a800000, 0x000000008a800000, 0x000000008a900000|  0%| F|  |TAMS 0x000000008a800000, 0x000000008a800000| Untracked 
|  93|0x000000008a900000, 0x000000008a900000, 0x000000008aa00000|  0%| F|  |TAMS 0x000000008a900000, 0x000000008a900000| Untracked 
|  94|0x000000008aa00000, 0x000000008aa00000, 0x000000008ab00000|  0%| F|  |TAMS 0x000000008aa00000, 0x000000008aa00000| Untracked 
|  95|0x000000008ab00000, 0x000000008ab00000, 0x000000008ac00000|  0%| F|  |TAMS 0x000000008ab00000, 0x000000008ab00000| Untracked 
|  96|0x000000008ac00000, 0x000000008ac00000, 0x000000008ad00000|  0%| F|  |TAMS 0x000000008ac00000, 0x000000008ac00000| Untracked 
|  97|0x000000008ad00000, 0x000000008ad00000, 0x000000008ae00000|  0%| F|  |TAMS 0x000000008ad00000, 0x000000008ad00000| Untracked 
|  98|0x000000008ae00000, 0x000000008ae00000, 0x000000008af00000|  0%| F|  |TAMS 0x000000008ae00000, 0x000000008ae00000| Untracked 
|  99|0x000000008af00000, 0x000000008af00000, 0x000000008b000000|  0%| F|  |TAMS 0x000000008af00000, 0x000000008af00000| Untracked 
| 100|0x000000008b000000, 0x000000008b000000, 0x000000008b100000|  0%| F|  |TAMS 0x000000008b000000, 0x000000008b000000| Untracked 
| 101|0x000000008b100000, 0x000000008b100000, 0x000000008b200000|  0%| F|  |TAMS 0x000000008b100000, 0x000000008b100000| Untracked 
| 102|0x000000008b200000, 0x000000008b200000, 0x000000008b300000|  0%| F|  |TAMS 0x000000008b200000, 0x000000008b200000| Untracked 
| 103|0x000000008b300000, 0x000000008b300000, 0x000000008b400000|  0%| F|  |TAMS 0x000000008b300000, 0x000000008b300000| Untracked 
| 104|0x000000008b400000, 0x000000008b400000, 0x000000008b500000|  0%| F|  |TAMS 0x000000008b400000, 0x000000008b400000| Untracked 
| 105|0x000000008b500000, 0x000000008b500000, 0x000000008b600000|  0%| F|  |TAMS 0x000000008b500000, 0x000000008b500000| Untracked 
| 106|0x000000008b600000, 0x000000008b600000, 0x000000008b700000|  0%| F|  |TAMS 0x000000008b600000, 0x000000008b600000| Untracked 
| 107|0x000000008b700000, 0x000000008b700000, 0x000000008b800000|  0%| F|  |TAMS 0x000000008b700000, 0x000000008b700000| Untracked 
| 108|0x000000008b800000, 0x000000008b800000, 0x000000008b900000|  0%| F|  |TAMS 0x000000008b800000, 0x000000008b800000| Untracked 
| 109|0x000000008b900000, 0x000000008b900000, 0x000000008ba00000|  0%| F|  |TAMS 0x000000008b900000, 0x000000008b900000| Untracked 
| 110|0x000000008ba00000, 0x000000008ba00000, 0x000000008bb00000|  0%| F|  |TAMS 0x000000008ba00000, 0x000000008ba00000| Untracked 
| 111|0x000000008bb00000, 0x000000008bb00000, 0x000000008bc00000|  0%| F|  |TAMS 0x000000008bb00000, 0x000000008bb00000| Untracked 
| 112|0x000000008bc00000, 0x000000008bc00000, 0x000000008bd00000|  0%| F|  |TAMS 0x000000008bc00000, 0x000000008bc00000| Untracked 
| 113|0x000000008bd00000, 0x000000008bd00000, 0x000000008be00000|  0%| F|  |TAMS 0x000000008bd00000, 0x000000008bd00000| Untracked 
| 114|0x000000008be00000, 0x000000008be00000, 0x000000008bf00000|  0%| F|  |TAMS 0x000000008be00000, 0x000000008be00000| Untracked 
| 115|0x000000008bf00000, 0x000000008bf00000, 0x000000008c000000|  0%| F|  |TAMS 0x000000008bf00000, 0x000000008bf00000| Untracked 
| 116|0x000000008c000000, 0x000000008c000000, 0x000000008c100000|  0%| F|  |TAMS 0x000000008c000000, 0x000000008c000000| Untracked 
| 117|0x000000008c100000, 0x000000008c100000, 0x000000008c200000|  0%| F|  |TAMS 0x000000008c100000, 0x000000008c100000| Untracked 
| 118|0x000000008c200000, 0x000000008c200000, 0x000000008c300000|  0%| F|  |TAMS 0x000000008c200000, 0x000000008c200000| Untracked 
| 119|0x000000008c300000, 0x000000008c300000, 0x000000008c400000|  0%| F|  |TAMS 0x000000008c300000, 0x000000008c300000| Untracked 
| 120|0x000000008c400000, 0x000000008c400000, 0x000000008c500000|  0%| F|  |TAMS 0x000000008c400000, 0x000000008c400000| Untracked 
| 121|0x000000008c500000, 0x000000008c576448, 0x000000008c600000| 46%| E|  |TAMS 0x000000008c500000, 0x000000008c500000| Complete 
| 122|0x000000008c600000, 0x000000008c700000, 0x000000008c700000|100%| E|CS|TAMS 0x000000008c600000, 0x000000008c600000| Complete 
| 123|0x000000008c700000, 0x000000008c800000, 0x000000008c800000|100%| E|CS|TAMS 0x000000008c700000, 0x000000008c700000| Complete 

Card table byte_map: [0x0000017979890000,0x0000017979c70000] _byte_map_base: 0x000001797946a000

Marking Bits (Prev, Next): (CMBitMap*) 0x00000179626cd190, (CMBitMap*) 0x00000179626cd1d0
 Prev Bits: [0x000001797a050000, 0x000001797bf20000)
 Next Bits: [0x000001797bf20000, 0x000001797ddf0000)

Polling page: 0x0000017960510000

Metaspace:

Usage:
  Non-class:      2.07 MB used.
      Class:    228.60 KB used.
       Both:      2.29 MB used.

Virtual space:
  Non-class space:        8.00 MB reserved,       2.13 MB ( 27%) committed,  1 nodes.
      Class space:        1.00 GB reserved,     256.00 KB ( <1%) committed,  1 nodes.
             Both:        1.01 GB reserved,       2.38 MB ( <1%) committed. 

Chunk freelists:
   Non-Class:  3.92 MB
       Class:  3.69 MB
        Both:  7.61 MB

MaxMetaspaceSize: unlimited
CompressedClassSpaceSize: 1.00 GB
Initial GC threshold: 21.00 MB
Current GC threshold: 21.00 MB
CDS: on
MetaspaceReclaimPolicy: balanced
 - commit_granule_bytes: 65536.
 - commit_granule_words: 8192.
 - virtual_space_node_default_size: 1048576.
 - enlarge_chunks_in_place: 1.
 - new_chunks_are_fully_committed: 0.
 - uncommit_free_chunks: 1.
 - use_allocation_guard: 0.
 - handle_deallocations: 1.


Internal statistics:

num_allocs_failed_limit: 0.
num_arena_births: 56.
num_arena_deaths: 0.
num_vsnodes_births: 2.
num_vsnodes_deaths: 0.
num_space_committed: 38.
num_space_uncommitted: 0.
num_chunks_returned_to_freelist: 0.
num_chunks_taken_from_freelist: 71.
num_chunk_merges: 0.
num_chunk_splits: 44.
num_chunks_enlarged: 23.
num_purges: 0.
num_inconsistent_stats: 0.

CodeHeap 'non-profiled nmethods': size=120000Kb used=90Kb max_used=90Kb free=119909Kb
 bounds [0x0000017971c50000, 0x0000017971ec0000, 0x0000017979180000]
CodeHeap 'profiled nmethods': size=120000Kb used=390Kb max_used=390Kb free=119609Kb
 bounds [0x000001796a720000, 0x000001796a990000, 0x0000017971c50000]
CodeHeap 'non-nmethods': size=5760Kb used=1173Kb max_used=1173Kb free=4586Kb
 bounds [0x000001796a180000, 0x000001796a3f0000, 0x000001796a720000]
 total_blobs=744 nmethods=288 adapters=369
 compilation: enabled
              stopped_count=0, restarted_count=0
 full_count=0

Compilation events (20 events):
Event: 0.279 Thread 0x0000017900940160  281       3       jdk.internal.org.objectweb.asm.SymbolTable::addConstantUtf8Reference (101 bytes)
Event: 0.280 Thread 0x0000017900940160 nmethod 281 0x000001796a779590 code [0x000001796a7797a0, 0x000001796a779d98]
Event: 0.280 Thread 0x0000017900940160  276       3       java.lang.invoke.LambdaForm$NamedFunction::returnType (11 bytes)
Event: 0.280 Thread 0x0000017900940160 nmethod 276 0x000001796a77a090 code [0x000001796a77a280, 0x000001796a77a6e8]
Event: 0.280 Thread 0x0000017900940160  280       3       jdk.internal.org.objectweb.asm.SymbolTable::addConstantClass (8 bytes)
Event: 0.280 Thread 0x0000017900940160 nmethod 280 0x000001796a77a910 code [0x000001796a77aaa0, 0x000001796a77abe8]
Event: 0.280 Thread 0x0000017900940160  282       3       jdk.internal.org.objectweb.asm.ByteVector::put122 (93 bytes)
Event: 0.280 Thread 0x0000017900940160 nmethod 282 0x000001796a77ac90 code [0x000001796a77ae40, 0x000001796a77b0c8]
Event: 0.280 Thread 0x0000017900940160  277       3       java.lang.invoke.InvokerBytecodeGenerator::emitPushArgument (150 bytes)
Event: 0.281 Thread 0x0000017900940160 nmethod 277 0x000001796a77b290 code [0x000001796a77b560, 0x000001796a77c448]
Event: 0.281 Thread 0x0000017900940160  278       3       java.lang.invoke.InvokerBytecodeGenerator::emitLoadInsn (21 bytes)
Event: 0.281 Thread 0x0000017900940160 nmethod 278 0x000001796a77c810 code [0x000001796a77c9c0, 0x000001796a77cc18]
Event: 0.281 Thread 0x0000017900940160  279       3       java.lang.invoke.InvokerBytecodeGenerator::loadInsnOpcode (98 bytes)
Event: 0.282 Thread 0x0000017900940160 nmethod 279 0x000001796a77cd90 code [0x000001796a77d000, 0x000001796a77da18]
Event: 0.293 Thread 0x0000017900940160  285       3       java.lang.invoke.MethodType::parameterSlotCount (8 bytes)
Event: 0.293 Thread 0x0000017900940160 nmethod 285 0x000001796a77dd10 code [0x000001796a77dea0, 0x000001796a77dfd8]
Event: 0.293 Thread 0x0000017900940160  286   !   3       java.lang.invoke.MemberName$Factory::resolve (159 bytes)
Event: 0.294 Thread 0x0000017900940160 nmethod 286 0x000001796a77e090 code [0x000001796a77e2c0, 0x000001796a77e9c8]
Event: 0.294 Thread 0x0000017900940160  288       3       java.lang.invoke.MemberName::checkForTypeAlias (172 bytes)
Event: 0.296 Thread 0x0000017900940160 nmethod 288 0x000001796a77ed10 code [0x000001796a77f180, 0x000001796a781058]

GC Heap History (0 events):
No events

Dll operation events (7 events):
Event: 0.008 Loaded shared library C:\Users\Hp\.jdks\corretto-17.0.5\bin\java.dll
Event: 0.021 Loaded shared library C:\Users\Hp\.jdks\corretto-17.0.5\bin\jsvml.dll
Event: 0.091 Loaded shared library C:\Users\Hp\.jdks\corretto-17.0.5\bin\jimage.dll
Event: 0.101 Loaded shared library C:\Users\Hp\.jdks\corretto-17.0.5\bin\net.dll
Event: 0.104 Loaded shared library C:\Users\Hp\.jdks\corretto-17.0.5\bin\nio.dll
Event: 0.108 Loaded shared library C:\Users\Hp\.jdks\corretto-17.0.5\bin\zip.dll
Event: 0.226 Loaded shared library C:\Users\Hp\.jdks\corretto-17.0.5\bin\awt.dll

Deoptimization events (0 events):
No events

Classes unloaded (0 events):
No events

Classes redefined (0 events):
No events

Internal exceptions (3 events):
Event: 0.124 Thread 0x0000017962670400 Exception <a 'java/lang/ClassNotFoundException'{0x000000008c66f4f0}: sun/awt/resources/spi/awtProvider> (0x000000008c66f4f0) 
thrown [s\src\hotspot\share\classfile\systemDictionary.cpp, line 256]
Event: 0.248 Thread 0x0000017962670400 Exception <a 'java/io/FileNotFoundException'{0x000000008c6c8b78}> (0x000000008c6c8b78) 
thrown [s\src\hotspot\share\prims\jni.cpp, line 516]
Event: 0.259 Thread 0x0000017962670400 Exception <a 'java/io/FileNotFoundException'{0x000000008c6f5cc8}> (0x000000008c6f5cc8) 
thrown [s\src\hotspot\share\prims\jni.cpp, line 516]

VM Operations (0 events):
No events

Events (20 events):
Event: 0.297 loading class java/awt/desktop/UserSessionEvent$Reason done
Event: 0.297 loading class jdk/internal/logger/SurrogateLogger
Event: 0.297 loading class jdk/internal/logger/SimpleConsoleLogger
Event: 0.298 loading class sun/util/logging/PlatformLogger$ConfigurableBridge$LoggerConfiguration
Event: 0.298 loading class sun/util/logging/PlatformLogger$ConfigurableBridge$LoggerConfiguration done
Event: 0.298 loading class jdk/internal/logger/SimpleConsoleLogger done
Event: 0.298 loading class jdk/internal/logger/SurrogateLogger done
Event: 0.298 loading class sun/java2d/windows/WindowsFlags
Event: 0.298 loading class sun/java2d/windows/WindowsFlags done
Event: 0.298 loading class sun/java2d/windows/WindowsFlags$1
Event: 0.298 loading class sun/java2d/windows/WindowsFlags$1 done
Event: 0.302 loading class sun/java2d/WindowsSurfaceManagerFactory
Event: 0.302 loading class sun/java2d/SurfaceManagerFactory
Event: 0.302 loading class sun/java2d/SurfaceManagerFactory done
Event: 0.302 loading class sun/java2d/WindowsSurfaceManagerFactory done
Event: 0.302 loading class sun/awt/SunDisplayChanger
Event: 0.302 loading class sun/awt/SunDisplayChanger done
Event: 0.303 loading class java/awt/GraphicsDevice
Event: 0.303 loading class java/awt/GraphicsDevice done
Event: 0.303 loading class sun/java2d/d3d/D3DGraphicsDevice


Dynamic libraries:
0x00007ff7eec10000 - 0x00007ff7eec1d000 	C:\Users\Hp\.jdks\corretto-17.0.5\bin\java.exe
0x00007ffac6110000 - 0x00007ffac6308000 	C:\windows\SYSTEM32\ntdll.dll
0x00007ffac5250000 - 0x00007ffac530f000 	C:\windows\System32\KERNEL32.DLL
0x00007ffac3d20000 - 0x00007ffac3ff2000 	C:\windows\System32\KERNELBASE.dll
0x00007ffac3810000 - 0x00007ffac3910000 	C:\windows\System32\ucrtbase.dll
0x00007ffaaf490000 - 0x00007ffaaf4a7000 	C:\Users\Hp\.jdks\corretto-17.0.5\bin\jli.dll
0x00007ffabd7f0000 - 0x00007ffabd805000 	C:\Users\Hp\.jdks\corretto-17.0.5\bin\VCRUNTIME140.dll
0x00007ffac4450000 - 0x00007ffac45ed000 	C:\windows\System32\USER32.dll
0x00007ffaaab90000 - 0x00007ffaaae2a000 	C:\windows\WinSxS\amd64_microsoft.windows.common-controls_6595b64144ccf1df_6.0.19041.1110_none_60b5254171f9507e\COMCTL32.dll
0x00007ffac4100000 - 0x00007ffac4122000 	C:\windows\System32\win32u.dll
0x00007ffac4f30000 - 0x00007ffac4fce000 	C:\windows\System32\msvcrt.dll
0x00007ffac4870000 - 0x00007ffac489b000 	C:\windows\System32\GDI32.dll
0x00007ffac3a10000 - 0x00007ffac3b1f000 	C:\windows\System32\gdi32full.dll
0x00007ffac3c80000 - 0x00007ffac3d1d000 	C:\windows\System32\msvcp_win.dll
0x00007ffac4ef0000 - 0x00007ffac4f22000 	C:\windows\System32\IMM32.DLL
0x00007ffa8c4c0000 - 0x00007ffa8c55b000 	C:\Users\Hp\.jdks\corretto-17.0.5\bin\msvcp140.dll
0x00007ffa665a0000 - 0x00007ffa671b4000 	C:\Users\Hp\.jdks\corretto-17.0.5\bin\server\jvm.dll
0x00007ffac4160000 - 0x00007ffac420e000 	C:\windows\System32\ADVAPI32.dll
0x00007ffac51b0000 - 0x00007ffac524c000 	C:\windows\System32\sechost.dll
0x00007ffac4970000 - 0x00007ffac4a95000 	C:\windows\System32\RPCRT4.dll
0x00007ffabf100000 - 0x00007ffabf109000 	C:\windows\SYSTEM32\WSOCK32.dll
0x00007ffabbe20000 - 0x00007ffabbe2a000 	C:\windows\SYSTEM32\VERSION.dll
0x00007ffac5bf0000 - 0x00007ffac5c5b000 	C:\windows\System32\WS2_32.dll
0x00007ffaa98e0000 - 0x00007ffaa9907000 	C:\windows\SYSTEM32\WINMM.dll
0x00007ffac2060000 - 0x00007ffac2072000 	C:\windows\SYSTEM32\kernel.appcore.dll
0x00007ffabee10000 - 0x00007ffabee1a000 	C:\Users\Hp\.jdks\corretto-17.0.5\bin\jimage.dll
0x00007ffac1e40000 - 0x00007ffac2024000 	C:\windows\SYSTEM32\DBGHELP.DLL
0x00007ffaacdb0000 - 0x00007ffaacddc000 	C:\windows\SYSTEM32\dbgcore.DLL
0x00007ffac4000000 - 0x00007ffac4082000 	C:\windows\System32\bcryptPrimitives.dll
0x00007ffaae250000 - 0x00007ffaae275000 	C:\Users\Hp\.jdks\corretto-17.0.5\bin\java.dll
0x00007ffa8b030000 - 0x00007ffa8b106000 	C:\Users\Hp\.jdks\corretto-17.0.5\bin\jsvml.dll
0x00007ffac5310000 - 0x00007ffac5a53000 	C:\windows\System32\SHELL32.dll
0x00007ffac15e0000 - 0x00007ffac1d72000 	C:\windows\SYSTEM32\windows.storage.dll
0x00007ffac4b00000 - 0x00007ffac4e54000 	C:\windows\System32\combase.dll
0x00007ffac3190000 - 0x00007ffac31c0000 	C:\windows\SYSTEM32\Wldp.dll
0x00007ffac5b40000 - 0x00007ffac5bed000 	C:\windows\System32\SHCORE.dll
0x00007ffac4230000 - 0x00007ffac4285000 	C:\windows\System32\shlwapi.dll
0x00007ffac3750000 - 0x00007ffac376f000 	C:\windows\SYSTEM32\profapi.dll
0x00007ffaae300000 - 0x00007ffaae319000 	C:\Users\Hp\.jdks\corretto-17.0.5\bin\net.dll
0x00007ffaaf820000 - 0x00007ffaaf92c000 	C:\windows\SYSTEM32\WINHTTP.dll
0x00007ffac2ef0000 - 0x00007ffac2f5a000 	C:\windows\system32\mswsock.dll
0x00007ffaae1e0000 - 0x00007ffaae1f5000 	C:\Users\Hp\.jdks\corretto-17.0.5\bin\nio.dll
0x00007ffaae1c0000 - 0x00007ffaae1d8000 	C:\Users\Hp\.jdks\corretto-17.0.5\bin\zip.dll
0x00007ffa87140000 - 0x00007ffa872e7000 	C:\Users\Hp\.jdks\corretto-17.0.5\bin\awt.dll
0x00007ffac48a0000 - 0x00007ffac496d000 	C:\windows\System32\OLEAUT32.dll
0x00007ffac0c50000 - 0x00007ffac0ce1000 	C:\windows\SYSTEM32\apphelp.dll
0x00007ffac1020000 - 0x00007ffac104f000 	C:\windows\system32\DWMAPI.DLL
0x00007ffac0e00000 - 0x00007ffac0e9e000 	C:\windows\system32\uxtheme.dll

dbghelp: loaded successfully - version: 4.0.5 - missing functions: none
symbol engine: initialized successfully - sym options: 0x614 - pdb path: .;C:\Users\Hp\.jdks\corretto-17.0.5\bin;C:\windows\SYSTEM32;C:\windows\WinSxS\amd64_microsoft.windows.common-controls_6595b64144ccf1df_6.0.19041.1110_none_60b5254171f9507e;C:\Users\Hp\.jdks\corretto-17.0.5\bin\server

VM Arguments:
jvm_args: -Dfile.encoding=windows-1252 -Duser.country=IN -Duser.language=en -Duser.variant 
java_command: Main2
java_class_path (initial): C:\Users\Hp\IdeaProjects\course-project-group-131\build\classes\java\main;C:\Users\Hp\IdeaProjects\course-project-group-131\build\resources\main;C:\Users\Hp\.gradle\caches\modules-2\files-2.1\junit\junit\4.13.2\8ac9e16d933b6fb43bc7f576336b8f4d7eb5ba12\junit-4.13.2.jar;C:\Users\Hp\.gradle\caches\modules-2\files-2.1\org.hamcrest\hamcrest-core\1.3\42a25dc3219429f0e5d060061f71acb49bf010a0\hamcrest-core-1.3.jar
Launcher Type: SUN_STANDARD

[Global flags]
     intx CICompilerCount                          = 4                                         {product} {ergonomic}
     uint ConcGCThreads                            = 2                                         {product} {ergonomic}
     uint G1ConcRefinementThreads                  = 8                                         {product} {ergonomic}
   size_t G1HeapRegionSize                         = 1048576                                   {product} {ergonomic}
    uintx GCDrainStackTargetSize                   = 64                                        {product} {ergonomic}
   size_t InitialHeapSize                          = 130023424                                 {product} {ergonomic}
   size_t MarkStackSize                            = 4194304                                   {product} {ergonomic}
   size_t MaxHeapSize                              = 2067791872                                {product} {ergonomic}
   size_t MaxNewSize                               = 1240465408                                {product} {ergonomic}
   size_t MinHeapDeltaBytes                        = 1048576                                   {product} {ergonomic}
   size_t MinHeapSize                              = 8388608                                   {product} {ergonomic}
    uintx NonNMethodCodeHeapSize                   = 5839372                                {pd product} {ergonomic}
    uintx NonProfiledCodeHeapSize                  = 122909434                              {pd product} {ergonomic}
    uintx ProfiledCodeHeapSize                     = 122909434                              {pd product} {ergonomic}
    uintx ReservedCodeCacheSize                    = 251658240                              {pd product} {ergonomic}
     bool SegmentedCodeCache                       = true                                      {product} {ergonomic}
   size_t SoftMaxHeapSize                          = 2067791872                             {manageable} {ergonomic}
     bool UseCompressedClassPointers               = true                           {product lp64_product} {ergonomic}
     bool UseCompressedOops                        = true                           {product lp64_product} {ergonomic}
     bool UseG1GC                                  = true                                      {product} {ergonomic}
     bool UseLargePagesIndividualAllocation        = false                                  {pd product} {ergonomic}

Logging:
Log output configuration:
 #0: stdout all=warning uptime,level,tags
 #1: stderr all=off uptime,level,tags

Environment Variables:
PATH=C:\Program Files\Python38\Scripts\;C:\Program Files\Python38\;C:\windows\system32;C:\windows;C:\windows\System32\Wbem;C:\windows\System32\WindowsPowerShell\v1.0\;C:\windows\System32\OpenSSH\;C:\Program Files\Git\cmd;C:\Users\Hp\AppData\Local\Microsoft\WindowsApps;;C:\Users\Hp\AppData\Local\Programs\Microsoft VS Code\bin
USERNAME=Hp
OS=Windows_NT
PROCESSOR_IDENTIFIER=Intel64 Family 6 Model 126 Stepping 5, GenuineIntel
TMP=C:\Users\Hp\AppData\Local\Temp
TEMP=C:\Users\Hp\AppData\Local\Temp



---------------  S Y S T E M  ---------------

OS:
 Windows 10 , 64 bit Build 19041 (10.0.19041.2251)
OS uptime: 6 days 3:05 hours

CPU: total 8 (initial active 8) (4 cores per cpu, 2 threads per core) family 6 model 126 stepping 5 microcode 0xa8, cx8, cmov, fxsr, ht, mmx, 3dnowpref, sse, sse2, sse3, ssse3, sse4.1, sse4.2, popcnt, lzcnt, tsc, tscinvbit, avx, avx2, aes, erms, clmul, bmi1, bmi2, adx, avx512f, avx512dq, avx512cd, avx512bw, avx512vl, sha, fma, vzeroupper, avx512_vpopcntdq, avx512_vpclmulqdq, avx512_vaes, avx512_vnni, clflush, clflushopt, avx512_vbmi2, avx512_vbmi

Memory: 4k page, system-wide physical 7880M (812M free)
TotalPageFile size 11630M (AvailPageFile size 4M)
current process WorkingSet (physical memory assigned to process): 38M, peak: 38M
current process commit charge ("private bytes"): 210M, peak: 210M

vm_info: OpenJDK 64-Bit Server VM (17.0.5+8-LTS) for windows-amd64 JRE (17.0.5+8-LTS), built on Oct 13 2022 05:18:14 by "Administrator" with MS VC++ 15.9 (VS2017)

END.
