#
# There is insufficient memory for the Java Runtime Environment to continue.
# Native memory allocation (mmap) failed to map 130023424 bytes for G1 virtual space
# Possible reasons:
#   The system is out of physical RAM or swap space
#   The process is running with CompressedOops enabled, and the Java Heap may be blocking the growth of the native heap
# Possible solutions:
#   Reduce memory load on the system
#   Increase physical memory or swap space
#   Check if swap backing store is full
#   Decrease Java heap size (-Xmx/-Xms)
#   Decrease number of Java threads
#   Decrease Java thread stack sizes (-Xss)
#   Set larger code cache with -XX:ReservedCodeCacheSize=
#   JVM is running with Unscaled Compressed Oops mode in which the Java heap is
#     placed in the first 4GB address space. The Java Heap base address is the
#     maximum limit for the native heap growth. Please use -XX:HeapBaseMinAddress
#     to set the Java Heap base and to place the Java Heap above 4GB virtual address.
# This output file may be truncated or incomplete.
#
#  Out of Memory Error (os_windows.cpp:3747), pid=20088, tid=19580
#
# JRE version:  (17.0.3+7) (build )
# Java VM: OpenJDK 64-Bit Server VM (17.0.3+7-b469.37, mixed mode, sharing, tiered, compressed oops, compressed class ptrs, g1 gc, windows-amd64)
# No core dump will be written. Minidumps are not enabled by default on client versions of Windows
#

---------------  S U M M A R Y ------------

Command Line: git4idea.http.GitAskPassApp Username for 'https://github.com': 

Host: Intel(R) Core(TM) i5-1035G1 CPU @ 1.00GHz, 8 cores, 7G,  Windows 10 , 64 bit Build 19041 (10.0.19041.2251)
Time: Fri Nov 18 12:34:47 2022 Eastern Standard Time elapsed time: 0.014210 seconds (0d 0h 0m 0s)

---------------  T H R E A D  ---------------

Current thread (0x000002ed649a0a30):  JavaThread "Unknown thread" [_thread_in_vm, id=19580, stack(0x000000fe99400000,0x000000fe99500000)]

Stack: [0x000000fe99400000,0x000000fe99500000]
Native frames: (J=compiled Java code, j=interpreted, Vv=VM code, C=native code)
V  [jvm.dll+0x681f8a]
V  [jvm.dll+0x83e374]
V  [jvm.dll+0x83fb1e]
V  [jvm.dll+0x840183]
V  [jvm.dll+0x2492a5]
V  [jvm.dll+0x67ee59]
V  [jvm.dll+0x67355a]
V  [jvm.dll+0x308fab]
V  [jvm.dll+0x310466]
V  [jvm.dll+0x3601de]
V  [jvm.dll+0x36040f]
V  [jvm.dll+0x2df098]
V  [jvm.dll+0x2e0004]
V  [jvm.dll+0x80fc61]
V  [jvm.dll+0x36df61]
V  [jvm.dll+0x7ef17c]
V  [jvm.dll+0x3f10ef]
V  [jvm.dll+0x3f2c31]
C  [jli.dll+0x526b]
C  [ucrtbase.dll+0x21bb2]
C  [KERNEL32.DLL+0x174b4]
C  [ntdll.dll+0x526a1]


---------------  P R O C E S S  ---------------

Threads class SMR info:
_java_thread_list=0x00007ffd9df96f18, length=0, elements={
}

Java Threads: ( => current thread )

Other Threads:
  0x000002ed649f6d90 GCTaskThread "GC Thread#0" [stack: 0x000000fe99500000,0x000000fe99600000] [id=21664]
  0x000002ed64a07350 ConcurrentGCThread "G1 Main Marker" [stack: 0x000000fe99600000,0x000000fe99700000] [id=18620]
  0x000002ed64a08500 ConcurrentGCThread "G1 Conc#0" [stack: 0x000000fe99700000,0x000000fe99800000] [id=8140]

[error occurred during error reporting (printing all threads), id 0xc0000005, EXCEPTION_ACCESS_VIOLATION (0xc0000005) at pc=0x00007ffd9d74fc57]

VM state: not at safepoint (not fully initialized)

VM Mutex/Monitor currently owned by a thread:  ([mutex/lock_event])
[0x000002ed6499f140] Heap_lock - owner thread: 0x000002ed649a0a30

Heap address: 0x0000000084c00000, size: 1972 MB, Compressed Oops mode: 32-bit

CDS archive(s) mapped at: [0x0000000000000000-0x0000000000000000-0x0000000000000000), size 0, SharedBaseAddress: 0x0000000800000000, ArchiveRelocationMode: 0.
Narrow klass base: 0x0000000000000000, Narrow klass shift: 0, Narrow klass range: 0x0

GC Precious Log:
<Empty>

Heap:
 garbage-first heap   total 0K, used 0K [0x0000000084c00000, 0x0000000100000000)
  region size 1024K, 0 young (0K), 0 survivors (0K)

[error occurred during error reporting (printing heap information), id 0xc0000005, EXCEPTION_ACCESS_VIOLATION (0xc0000005) at pc=0x00007ffd9db3bbd9]

GC Heap History (0 events):
No events

Deoptimization events (0 events):
No events

Classes unloaded (0 events):
No events

Classes redefined (0 events):
No events

Internal exceptions (0 events):
No events

VM Operations (0 events):
No events

Events (1 events):
Event: 0.009 Loaded shared library C:\Program Files\JetBrains\IntelliJ IDEA 2022.2.1\jbr\bin\java.dll


Dynamic libraries:
0x00007ff6b91a0000 - 0x00007ff6b91aa000 	C:\Program Files\JetBrains\IntelliJ IDEA 2022.2.1\jbr\bin\java.exe
0x00007ffde3c10000 - 0x00007ffde3e08000 	C:\windows\SYSTEM32\ntdll.dll
0x00007ffde24c0000 - 0x00007ffde257f000 	C:\windows\System32\KERNEL32.DLL
0x00007ffde1480000 - 0x00007ffde1752000 	C:\windows\System32\KERNELBASE.dll
0x00007ffde1800000 - 0x00007ffde1900000 	C:\windows\System32\ucrtbase.dll
0x00007ffdc26e0000 - 0x00007ffdc26f7000 	C:\Program Files\JetBrains\IntelliJ IDEA 2022.2.1\jbr\bin\jli.dll
0x00007ffdc2700000 - 0x00007ffdc271b000 	C:\Program Files\JetBrains\IntelliJ IDEA 2022.2.1\jbr\bin\VCRUNTIME140.dll
0x00007ffde3980000 - 0x00007ffde3b1d000 	C:\windows\System32\USER32.dll
0x00007ffde1760000 - 0x00007ffde1782000 	C:\windows\System32\win32u.dll
0x00007ffdc4870000 - 0x00007ffdc4b0a000 	C:\windows\WinSxS\amd64_microsoft.windows.common-controls_6595b64144ccf1df_6.0.19041.1110_none_60b5254171f9507e\COMCTL32.dll
0x00007ffde2f10000 - 0x00007ffde2f3b000 	C:\windows\System32\GDI32.dll
0x00007ffde1c60000 - 0x00007ffde1cfe000 	C:\windows\System32\msvcrt.dll
0x00007ffde19f0000 - 0x00007ffde1aff000 	C:\windows\System32\gdi32full.dll
0x00007ffde1950000 - 0x00007ffde19ed000 	C:\windows\System32\msvcp_win.dll
0x00007ffde2580000 - 0x00007ffde25b2000 	C:\windows\System32\IMM32.DLL
0x00007ffdd3840000 - 0x00007ffdd384c000 	C:\Program Files\JetBrains\IntelliJ IDEA 2022.2.1\jbr\bin\vcruntime140_1.dll
0x00007ffdbcf50000 - 0x00007ffdbcfdd000 	C:\Program Files\JetBrains\IntelliJ IDEA 2022.2.1\jbr\bin\msvcp140.dll
0x00007ffd9d460000 - 0x00007ffd9e0c8000 	C:\Program Files\JetBrains\IntelliJ IDEA 2022.2.1\jbr\bin\server\jvm.dll
0x00007ffde33e0000 - 0x00007ffde348e000 	C:\windows\System32\ADVAPI32.dll
0x00007ffde34f0000 - 0x00007ffde358c000 	C:\windows\System32\sechost.dll
0x00007ffde1e90000 - 0x00007ffde1fb5000 	C:\windows\System32\RPCRT4.dll
0x00007ffde24a0000 - 0x00007ffde24a8000 	C:\windows\System32\PSAPI.DLL
0x00007ffdc92c0000 - 0x00007ffdc92e7000 	C:\windows\SYSTEM32\WINMM.dll
0x00007ffddc3c0000 - 0x00007ffddc3c9000 	C:\windows\SYSTEM32\WSOCK32.dll
0x00007ffddbf90000 - 0x00007ffddbf9a000 	C:\windows\SYSTEM32\VERSION.dll
0x00007ffde26f0000 - 0x00007ffde275b000 	C:\windows\System32\WS2_32.dll
0x00007ffddfb60000 - 0x00007ffddfb72000 	C:\windows\SYSTEM32\kernel.appcore.dll
0x00007ffddd4d0000 - 0x00007ffddd4da000 	C:\Program Files\JetBrains\IntelliJ IDEA 2022.2.1\jbr\bin\jimage.dll
0x00007ffddf1a0000 - 0x00007ffddf384000 	C:\windows\SYSTEM32\DBGHELP.DLL
0x00007ffdd2f00000 - 0x00007ffdd2f2c000 	C:\windows\SYSTEM32\dbgcore.DLL
0x00007ffde1310000 - 0x00007ffde1392000 	C:\windows\System32\bcryptPrimitives.dll
0x00007ffddbc90000 - 0x00007ffddbcb5000 	C:\Program Files\JetBrains\IntelliJ IDEA 2022.2.1\jbr\bin\java.dll

dbghelp: loaded successfully - version: 4.0.5 - missing functions: none
symbol engine: initialized successfully - sym options: 0x614 - pdb path: .;C:\Program Files\JetBrains\IntelliJ IDEA 2022.2.1\jbr\bin;C:\windows\SYSTEM32;C:\windows\WinSxS\amd64_microsoft.windows.common-controls_6595b64144ccf1df_6.0.19041.1110_none_60b5254171f9507e;C:\Program Files\JetBrains\IntelliJ IDEA 2022.2.1\jbr\bin\server

VM Arguments:
java_command: git4idea.http.GitAskPassApp Username for 'https://github.com': 
java_class_path (initial): C:/Program Files/JetBrains/IntelliJ IDEA 2022.2.1/plugins/git4idea/lib/git4idea-rt.jar;C:/Program Files/JetBrains/IntelliJ IDEA 2022.2.1/lib/externalProcess-rt.jar;C:/Program Files/JetBrains/IntelliJ IDEA 2022.2.1/lib/app.jar;C:/Program Files/JetBrains/IntelliJ IDEA 2022.2.1/lib/3rd-party-rt.jar
Launcher Type: SUN_STANDARD

[Global flags]
     intx CICompilerCount                          = 4                                         {product} {ergonomic}
     uint ConcGCThreads                            = 2                                         {product} {ergonomic}
     uint G1ConcRefinementThreads                  = 8                                         {product} {ergonomic}
   size_t G1HeapRegionSize                         = 1048576                                   {product} {ergonomic}
    uintx GCDrainStackTargetSize                   = 64                                        {product} {ergonomic}
   size_t InitialHeapSize                          = 130023424                                 {product} {ergonomic}
   size_t MarkStackSize                            = 4194304                                   {product} {ergonomic}
   size_t MaxHeapSize                              = 2067791872                                {product} {ergonomic}
   size_t MinHeapDeltaBytes                        = 1048576                                   {product} {ergonomic}
   size_t MinHeapSize                              = 8388608                                   {product} {ergonomic}
    uintx NonNMethodCodeHeapSize                   = 5839372                                {pd product} {ergonomic}
    uintx NonProfiledCodeHeapSize                  = 122909434                              {pd product} {ergonomic}
    uintx ProfiledCodeHeapSize                     = 122909434                              {pd product} {ergonomic}
    uintx ReservedCodeCacheSize                    = 251658240                              {pd product} {ergonomic}
     bool SegmentedCodeCache                       = true                                      {product} {ergonomic}
   size_t SoftMaxHeapSize                          = 2067791872                             {manageable} {ergonomic}
     bool UseCompressedClassPointers               = true                           {product lp64_product} {ergonomic}
     bool UseCompressedOops                        = true                           {product lp64_product} {ergonomic}
     bool UseG1GC                                  = true                                      {product} {ergonomic}
     bool UseLargePagesIndividualAllocation        = false                                  {pd product} {ergonomic}

Logging:
Log output configuration:
 #0: stdout all=warning uptime,level,tags
 #1: stderr all=off uptime,level,tags

Environment Variables:
PATH=C:\Program Files\Git\mingw64\libexec\git-core;C:\Program Files\Git\mingw64\libexec\git-core;C:\Program Files\Git\mingw64\bin;C:\Program Files\Git\usr\bin;C:\Users\Hp\bin;C:\Program Files\Python38\Scripts;C:\Program Files\Python38;C:\windows\system32;C:\windows;C:\windows\System32\Wbem;C:\windows\System32\WindowsPowerShell\v1.0;C:\windows\System32\OpenSSH;C:\Program Files\Git\cmd;C:\Users\Hp\AppData\Local\Microsoft\WindowsApps;C:\Users\Hp\AppData\Local\Programs\Microsoft VS Code\bin
USERNAME=Hp
DISPLAY=:0.0
LC_ALL=en_US.UTF-8
OS=Windows_NT
PROCESSOR_IDENTIFIER=Intel64 Family 6 Model 126 Stepping 5, GenuineIntel



---------------  S Y S T E M  ---------------

OS:
 Windows 10 , 64 bit Build 19041 (10.0.19041.2251)
OS uptime: 9 days 12:49 hours

CPU: total 8 (initial active 8) (4 cores per cpu, 2 threads per core) family 6 model 126 stepping 5 microcode 0xa8, cx8, cmov, fxsr, ht, mmx, 3dnowpref, sse, sse2, sse3, ssse3, sse4.1, sse4.2, popcnt, lzcnt, tsc, tscinvbit, avx, avx2, aes, erms, clmul, bmi1, bmi2, adx, avx512f, avx512dq, avx512cd, avx512bw, avx512vl, sha, fma, vzeroupper, avx512_vpopcntdq, avx512_vpclmulqdq, avx512_vaes, avx512_vnni, clflush, clflushopt, avx512_vbmi2, avx512_vbmi

Memory: 4k page, system-wide physical 7880M (849M free)
TotalPageFile size 11630M (AvailPageFile size 77M)
current process WorkingSet (physical memory assigned to process): 10M, peak: 10M
current process commit charge ("private bytes"): 60M, peak: 184M

vm_info: OpenJDK 64-Bit Server VM (17.0.3+7-b469.37) for windows-amd64 JRE (17.0.3+7-b469.37), built on 2022-08-01 by "builduser" with MS VC++ 16.10 / 16.11 (VS2019)

END.
