#
# There is insufficient memory for the Java Runtime Environment to continue.
# Native memory allocation (malloc) failed to allocate 2508896 bytes for Chunk::new
# Possible reasons:
#   The system is out of physical RAM or swap space
#   The process is running with CompressedOops enabled, and the Java Heap may be blocking the growth of the native heap
# Possible solutions:
#   Reduce memory load on the system
#   Increase physical memory or swap space
#   Check if swap backing store is full
#   Decrease Java heap size (-Xmx/-Xms)
#   Decrease number of Java threads
#   Decrease Java thread stack sizes (-Xss)
#   Set larger code cache with -XX:ReservedCodeCacheSize=
#   JVM is running with Unscaled Compressed Oops mode in which the Java heap is
#     placed in the first 4GB address space. The Java Heap base address is the
#     maximum limit for the native heap growth. Please use -XX:HeapBaseMinAddress
#     to set the Java Heap base and to place the Java Heap above 4GB virtual address.
# This output file may be truncated or incomplete.
#
#  Out of Memory Error (arena.cpp:189), pid=21368, tid=7344
#
# JRE version: OpenJDK Runtime Environment Corretto-17.0.5.8.1 (17.0.5+8) (build 17.0.5+8-LTS)
# Java VM: OpenJDK 64-Bit Server VM Corretto-17.0.5.8.1 (17.0.5+8-LTS, mixed mode, sharing, tiered, compressed oops, compressed class ptrs, g1 gc, windows-amd64)
# No core dump will be written. Minidumps are not enabled by default on client versions of Windows
#

---------------  S U M M A R Y ------------

Command Line: --add-opens=java.base/java.util=ALL-UNNAMED --add-opens=java.base/java.lang=ALL-UNNAMED --add-opens=java.base/java.lang.invoke=ALL-UNNAMED --add-opens=java.base/java.util=ALL-UNNAMED --add-opens=java.prefs/java.util.prefs=ALL-UNNAMED --add-opens=java.prefs/java.util.prefs=ALL-UNNAMED --add-opens=java.base/java.nio.charset=ALL-UNNAMED --add-opens=java.base/java.net=ALL-UNNAMED --add-opens=java.base/java.util.concurrent.atomic=ALL-UNNAMED -XX:MaxMetaspaceSize=256m -XX:+HeapDumpOnOutOfMemoryError -Xms256m -Xmx512m -Dfile.encoding=windows-1252 -Duser.country=IN -Duser.language=en -Duser.variant org.gradle.launcher.daemon.bootstrap.GradleDaemon 7.4

Host: Intel(R) Core(TM) i5-1035G1 CPU @ 1.00GHz, 8 cores, 7G,  Windows 10 , 64 bit Build 19041 (10.0.19041.2251)
Time: Mon Dec  5 21:35:33 2022 Eastern Standard Time elapsed time: 16.049361 seconds (0d 0h 0m 16s)

---------------  T H R E A D  ---------------

Current thread (0x00000243812d7980):  JavaThread "C2 CompilerThread1" daemon [_thread_in_native, id=7344, stack(0x0000004558a00000,0x0000004558b00000)]


Current CompileTask:
C2:  16049 9496       4       org.objectweb.asm.ClassReader::readCode (5109 bytes)

Stack: [0x0000004558a00000,0x0000004558b00000]
Native frames: (J=compiled Java code, j=interpreted, Vv=VM code, C=native code)
V  [jvm.dll+0x646e0a]
V  [jvm.dll+0x7f7f14]
V  [jvm.dll+0x7f96ce]
V  [jvm.dll+0x7f9d23]
V  [jvm.dll+0x234c98]
V  [jvm.dll+0xbccfc]
V  [jvm.dll+0xbd2dc]
V  [jvm.dll+0x34d727]
V  [jvm.dll+0x1aff30]
V  [jvm.dll+0x20938f]
V  [jvm.dll+0x208837]
V  [jvm.dll+0x198a9d]
V  [jvm.dll+0x217bdd]
V  [jvm.dll+0x215e24]
V  [jvm.dll+0x7b06ab]
V  [jvm.dll+0x7aac5a]
V  [jvm.dll+0x645cd5]
C  [ucrtbase.dll+0x21bb2]
C  [KERNEL32.DLL+0x174b4]
C  [ntdll.dll+0x526a1]


---------------  P R O C E S S  ---------------

Threads class SMR info:
_java_thread_list=0x0000024380a2ada0, length=65, elements={
0x00000243dfbc6a10, 0x00000243fa6fd9f0, 0x00000243fa6fe4b0, 0x00000243fa715410,
0x00000243fa718300, 0x00000243fa71adc0, 0x00000243fa71b290, 0x00000243fa722ca0,
0x00000243fa723e70, 0x00000243fa730620, 0x00000243fa71a420, 0x00000243fa7195b0,
0x00000243fa71c5d0, 0x00000243fa719a80, 0x00000243fa71b760, 0x00000243fa719f50,
0x00000243fa71a8f0, 0x00000243fa718c10, 0x00000243fa7190e0, 0x00000243fa71bc30,
0x00000243fd913310, 0x00000243fd914ff0, 0x00000243fd9171a0, 0x00000243fd918e80,
0x00000243fd914b20, 0x00000243fd911fd0, 0x00000243fd911630, 0x00000243fd911b00,
0x00000243fd914650, 0x00000243fd915e60, 0x00000243fd917b40, 0x00000243fd9124a0,
0x00000243fd918010, 0x00000243fd912970, 0x00000243fd912e40, 0x00000243fd916330,
0x00000243fd915990, 0x00000243fd9184e0, 0x00000243fd914180, 0x00000243fd916800,
0x00000243fd916cd0, 0x00000243fb522c50, 0x00000243fb524460, 0x00000243fb527480,
0x00000243fb526fb0, 0x00000243fb527950, 0x00000243fb520100, 0x00000243fb5205d0,
0x00000243fb520aa0, 0x00000243fb520f70, 0x00000243fb526140, 0x00000243fb5257a0,
0x00000243fb524930, 0x00000243fb521440, 0x00000243fb521910, 0x00000243fb521de0,
0x00000243fb5235f0, 0x00000243fb523ac0, 0x00000243812d7980, 0x0000024380be9a40,
0x00000243fb523f90, 0x00000243fb525c70, 0x00000243fb5252d0, 0x00000243fb526610,
0x00000243fa71c100
}

Java Threads: ( => current thread )
  0x00000243dfbc6a10 JavaThread "main" [_thread_blocked, id=16692, stack(0x0000004553e00000,0x0000004553f00000)]
  0x00000243fa6fd9f0 JavaThread "Reference Handler" daemon [_thread_blocked, id=10568, stack(0x0000004554500000,0x0000004554600000)]
  0x00000243fa6fe4b0 JavaThread "Finalizer" daemon [_thread_blocked, id=4352, stack(0x0000004554600000,0x0000004554700000)]
  0x00000243fa715410 JavaThread "Signal Dispatcher" daemon [_thread_blocked, id=7296, stack(0x0000004554700000,0x0000004554800000)]
  0x00000243fa718300 JavaThread "Attach Listener" daemon [_thread_blocked, id=2660, stack(0x0000004554800000,0x0000004554900000)]
  0x00000243fa71adc0 JavaThread "Service Thread" daemon [_thread_blocked, id=18988, stack(0x0000004554900000,0x0000004554a00000)]
  0x00000243fa71b290 JavaThread "Monitor Deflation Thread" daemon [_thread_blocked, id=12048, stack(0x0000004554a00000,0x0000004554b00000)]
  0x00000243fa722ca0 JavaThread "C2 CompilerThread0" daemon [_thread_blocked, id=20636, stack(0x0000004554b00000,0x0000004554c00000)]
  0x00000243fa723e70 JavaThread "C1 CompilerThread0" daemon [_thread_blocked, id=14840, stack(0x0000004554c00000,0x0000004554d00000)]
  0x00000243fa730620 JavaThread "Sweeper thread" daemon [_thread_blocked, id=5144, stack(0x0000004554d00000,0x0000004554e00000)]
  0x00000243fa71a420 JavaThread "Common-Cleaner" daemon [_thread_blocked, id=12312, stack(0x0000004554e00000,0x0000004554f00000)]
  0x00000243fa7195b0 JavaThread "Notification Thread" daemon [_thread_blocked, id=12116, stack(0x0000004554f00000,0x0000004555000000)]
  0x00000243fa71c5d0 JavaThread "Daemon health stats" [_thread_blocked, id=18392, stack(0x0000004555800000,0x0000004555900000)]
  0x00000243fa719a80 JavaThread "Incoming local TCP Connector on port 52995" [_thread_in_native, id=19820, stack(0x0000004555900000,0x0000004555a00000)]
  0x00000243fa71b760 JavaThread "Daemon periodic checks" [_thread_blocked, id=18004, stack(0x0000004555a00000,0x0000004555b00000)]
  0x00000243fa719f50 JavaThread "Daemon" [_thread_blocked, id=1500, stack(0x0000004555b00000,0x0000004555c00000)]
  0x00000243fa71a8f0 JavaThread "Handler for socket connection from /127.0.0.1:52995 to /127.0.0.1:52996" [_thread_in_native, id=17564, stack(0x0000004555c00000,0x0000004555d00000)]
  0x00000243fa718c10 JavaThread "Cancel handler" [_thread_blocked, id=11828, stack(0x0000004555d00000,0x0000004555e00000)]
  0x00000243fa7190e0 JavaThread "Daemon worker" [_thread_blocked, id=276, stack(0x0000004555e00000,0x0000004555f00000)]
  0x00000243fa71bc30 JavaThread "Asynchronous log dispatcher for DefaultDaemonConnection: socket connection from /127.0.0.1:52995 to /127.0.0.1:52996" [_thread_blocked, id=13992, stack(0x0000004555f00000,0x0000004556000000)]
  0x00000243fd913310 JavaThread "Stdin handler" [_thread_blocked, id=2688, stack(0x0000004556000000,0x0000004556100000)]
  0x00000243fd914ff0 JavaThread "Daemon client event forwarder" [_thread_blocked, id=9848, stack(0x0000004556100000,0x0000004556200000)]
  0x00000243fd9171a0 JavaThread "Cache worker for journal cache (C:\Users\Hp\.gradle\caches\journal-1)" [_thread_blocked, id=9248, stack(0x0000004556200000,0x0000004556300000)]
  0x00000243fd918e80 JavaThread "File lock request listener" [_thread_in_native, id=7844, stack(0x0000004556300000,0x0000004556400000)]
  0x00000243fd914b20 JavaThread "Cache worker for file hash cache (C:\Users\Hp\.gradle\caches\7.4\fileHashes)" [_thread_blocked, id=10960, stack(0x0000004556400000,0x0000004556500000)]
  0x00000243fd911fd0 JavaThread "File watcher server" daemon [_thread_in_native, id=13812, stack(0x0000004556500000,0x0000004556600000)]
  0x00000243fd911630 JavaThread "File watcher consumer" daemon [_thread_blocked, id=17464, stack(0x0000004556600000,0x0000004556700000)]
  0x00000243fd911b00 JavaThread "Cache worker for checksums cache (C:\Users\Hp\IdeaProjects\course-project-group-131\.gradle\7.4\checksums)" [_thread_blocked, id=18124, stack(0x0000004556700000,0x0000004556800000)]
  0x00000243fd914650 JavaThread "Cache worker for cache directory md-rule (C:\Users\Hp\.gradle\caches\7.4\md-rule)" [_thread_blocked, id=7360, stack(0x0000004556800000,0x0000004556900000)]
  0x00000243fd915e60 JavaThread "Cache worker for file hash cache (C:\Users\Hp\IdeaProjects\course-project-group-131\.gradle\7.4\fileHashes)" [_thread_blocked, id=4560, stack(0x0000004556900000,0x0000004556a00000)]
  0x00000243fd917b40 JavaThread "Cache worker for cache directory md-supplier (C:\Users\Hp\.gradle\caches\7.4\md-supplier)" [_thread_blocked, id=4996, stack(0x0000004556a00000,0x0000004556b00000)]
  0x00000243fd9124a0 JavaThread "Cache worker for execution history cache (C:\Users\Hp\.gradle\caches\7.4\executionHistory)" [_thread_blocked, id=16436, stack(0x0000004556e00000,0x0000004556f00000)]
  0x00000243fd918010 JavaThread "jar transforms" [_thread_blocked, id=13380, stack(0x0000004556f00000,0x0000004557000000)]
  0x00000243fd912970 JavaThread "jar transforms Thread 2" [_thread_blocked, id=19876, stack(0x0000004557000000,0x0000004557100000)]
  0x00000243fd912e40 JavaThread "Cache worker for file content cache (C:\Users\Hp\.gradle\caches\7.4\fileContent)" [_thread_blocked, id=17716, stack(0x0000004557100000,0x0000004557200000)]
  0x00000243fd916330 JavaThread "jar transforms Thread 3" [_thread_blocked, id=3460, stack(0x0000004557200000,0x0000004557300000)]
  0x00000243fd915990 JavaThread "jar transforms Thread 4" [_thread_blocked, id=19824, stack(0x0000004557300000,0x0000004557400000)]
  0x00000243fd9184e0 JavaThread "jar transforms Thread 5" [_thread_blocked, id=8288, stack(0x0000004557400000,0x0000004557500000)]
  0x00000243fd914180 JavaThread "jar transforms Thread 6" [_thread_blocked, id=4920, stack(0x0000004557500000,0x0000004557600000)]
  0x00000243fd916800 JavaThread "jar transforms Thread 7" [_thread_blocked, id=3336, stack(0x0000004557600000,0x0000004557700000)]
  0x00000243fd916cd0 JavaThread "jar transforms Thread 8" [_thread_blocked, id=17456, stack(0x0000004557700000,0x0000004557800000)]
  0x00000243fb522c50 JavaThread "Cache worker for dependencies-accessors (C:\Users\Hp\IdeaProjects\course-project-group-131\.gradle\7.4\dependencies-accessors)" [_thread_blocked, id=11184, stack(0x0000004557800000,0x0000004557900000)]
  0x00000243fb524460 JavaThread "Cache worker for Build Output Cleanup Cache (C:\Users\Hp\IdeaProjects\course-project-group-131\.gradle\buildOutputCleanup)" [_thread_blocked, id=14604, stack(0x0000004557900000,0x0000004557a00000)]
  0x00000243fb527480 JavaThread "Memory manager" [_thread_blocked, id=18520, stack(0x0000004557a00000,0x0000004557b00000)]
  0x00000243fb526fb0 JavaThread "included builds" [_thread_blocked, id=18116, stack(0x0000004557b00000,0x0000004557c00000)]
  0x00000243fb527950 JavaThread "Execution worker for ':'" [_thread_blocked, id=19480, stack(0x0000004557c00000,0x0000004557d00000)]
  0x00000243fb520100 JavaThread "Execution worker for ':' Thread 2" [_thread_blocked, id=8100, stack(0x0000004557d00000,0x0000004557e00000)]
  0x00000243fb5205d0 JavaThread "Execution worker for ':' Thread 3" [_thread_blocked, id=5908, stack(0x0000004557e00000,0x0000004557f00000)]
  0x00000243fb520aa0 JavaThread "Execution worker for ':' Thread 4" [_thread_blocked, id=7584, stack(0x0000004557f00000,0x0000004558000000)]
  0x00000243fb520f70 JavaThread "Execution worker for ':' Thread 5" [_thread_blocked, id=11248, stack(0x0000004558000000,0x0000004558100000)]
  0x00000243fb526140 JavaThread "Execution worker for ':' Thread 6" [_thread_blocked, id=10504, stack(0x0000004558100000,0x0000004558200000)]
  0x00000243fb5257a0 JavaThread "Execution worker for ':' Thread 7" [_thread_blocked, id=17876, stack(0x0000004558200000,0x0000004558300000)]
  0x00000243fb524930 JavaThread "Cache worker for execution history cache (C:\Users\Hp\IdeaProjects\course-project-group-131\.gradle\7.4\executionHistory)" [_thread_blocked, id=17628, stack(0x0000004558300000,0x0000004558400000)]
  0x00000243fb521440 JavaThread "Unconstrained build operations" [_thread_blocked, id=11188, stack(0x0000004558700000,0x0000004558800000)]
  0x00000243fb521910 JavaThread "Unconstrained build operations Thread 2" [_thread_blocked, id=16160, stack(0x0000004558800000,0x0000004558900000)]
  0x00000243fb521de0 JavaThread "Cache worker for Java compile cache (C:\Users\Hp\.gradle\caches\7.4\javaCompile)" [_thread_blocked, id=4520, stack(0x0000004558900000,0x0000004558a00000)]
  0x00000243fb5235f0 JavaThread "Build operations" [_thread_blocked, id=20648, stack(0x0000004555100000,0x0000004555200000)]
  0x00000243fb523ac0 JavaThread "Build operations Thread 2" [_thread_blocked, id=19212, stack(0x0000004555200000,0x0000004555300000)]
=>0x00000243812d7980 JavaThread "C2 CompilerThread1" daemon [_thread_in_native, id=7344, stack(0x0000004558a00000,0x0000004558b00000)]
  0x0000024380be9a40 JavaThread "C2 CompilerThread2" daemon [_thread_blocked, id=12472, stack(0x0000004558b00000,0x0000004558c00000)]
  0x00000243fb523f90 JavaThread "Exec process" [_thread_in_native, id=18952, stack(0x0000004558c00000,0x0000004558d00000)]
  0x00000243fb525c70 JavaThread "DisconnectableInputStream source reader" daemon [_thread_blocked, id=4256, stack(0x0000004558d00000,0x0000004558e00000)]
  0x00000243fb5252d0 JavaThread "Exec process Thread 2" [_thread_blocked, id=4188, stack(0x0000004558e00000,0x0000004558f00000)]
  0x00000243fb526610 JavaThread "Exec process Thread 3" [_thread_in_native, id=1400, stack(0x0000004558f00000,0x0000004559000000)]
  0x00000243fa71c100 JavaThread "Exec process Thread 4" [_thread_in_native, id=14640, stack(0x0000004559000000,0x0000004559100000)]

Other Threads:
  0x00000243fa6fa040 VMThread "VM Thread" [stack: 0x0000004554400000,0x0000004554500000] [id=18384]
  0x00000243fb1eef10 WatcherThread [stack: 0x0000004555000000,0x0000004555100000] [id=6980]
  0x00000243dfbf3940 GCTaskThread "GC Thread#0" [stack: 0x0000004553f00000,0x0000004554000000] [id=17980]
  0x00000243fb8b6600 GCTaskThread "GC Thread#1" [stack: 0x0000004555300000,0x0000004555400000] [id=18532]
  0x00000243fb8b68b0 GCTaskThread "GC Thread#2" [stack: 0x0000004555400000,0x0000004555500000] [id=14776]
  0x00000243fb8b6b60 GCTaskThread "GC Thread#3" [stack: 0x0000004555500000,0x0000004555600000] [id=18472]
  0x00000243fb3d3530 GCTaskThread "GC Thread#4" [stack: 0x0000004555600000,0x0000004555700000] [id=21448]
  0x00000243fb3d37e0 GCTaskThread "GC Thread#5" [stack: 0x0000004555700000,0x0000004555800000] [id=19024]
  0x00000243ff2cab70 GCTaskThread "GC Thread#6" [stack: 0x0000004556b00000,0x0000004556c00000] [id=18092]
  0x00000243ff2c98a0 GCTaskThread "GC Thread#7" [stack: 0x0000004556c00000,0x0000004556d00000] [id=17680]
  0x00000243dfbf8790 ConcurrentGCThread "G1 Main Marker" [stack: 0x0000004554000000,0x0000004554100000] [id=9392]
  0x00000243dfbf90b0 ConcurrentGCThread "G1 Conc#0" [stack: 0x0000004554100000,0x0000004554200000] [id=19956]
  0x00000243ff2cb0d0 ConcurrentGCThread "G1 Conc#1" [stack: 0x0000004556d00000,0x0000004556e00000] [id=2964]
  0x00000243dfc9e290 ConcurrentGCThread "G1 Refine#0" [stack: 0x0000004554200000,0x0000004554300000] [id=9604]
  0x0000024381d10ce0 ConcurrentGCThread "G1 Refine#1" [stack: 0x0000004558400000,0x0000004558500000] [id=9040]
  0x0000024381d126c0 ConcurrentGCThread "G1 Refine#2" [stack: 0x0000004558500000,0x0000004558600000] [id=20620]
  0x00000243dfc9ebc0 ConcurrentGCThread "G1 Service" [stack: 0x0000004554300000,0x0000004554400000] [id=8932]

Threads with active compile tasks:
C2 CompilerThread1    16067 9496       4       org.objectweb.asm.ClassReader::readCode (5109 bytes)

VM state: not at safepoint (normal execution)

VM Mutex/Monitor currently owned by a thread: None

Heap address: 0x00000000e0000000, size: 512 MB, Compressed Oops mode: 32-bit

CDS archive(s) mapped at: [0x0000000800000000-0x0000000800bc0000-0x0000000800bc0000), size 12320768, SharedBaseAddress: 0x0000000800000000, ArchiveRelocationMode: 0.
Compressed class space mapped at: 0x0000000800c00000-0x000000080dc00000, reserved size: 218103808
Narrow klass base: 0x0000000800000000, Narrow klass shift: 0, Narrow klass range: 0x100000000

GC Precious Log:
 CPUs: 8 total, 8 available
 Memory: 7880M
 Large Page Support: Disabled
 NUMA Support: Disabled
 Compressed Oops: Enabled (32-bit)
 Heap Region Size: 1M
 Heap Min Capacity: 256M
 Heap Initial Capacity: 256M
 Heap Max Capacity: 512M
 Pre-touch: Disabled
 Parallel Workers: 8
 Concurrent Workers: 2
 Concurrent Refinement Workers: 8
 Periodic GC: Disabled

Heap:
 garbage-first heap   total 262144K, used 136591K [0x00000000e0000000, 0x0000000100000000)
  region size 1024K, 93 young (95232K), 6 survivors (6144K)
 Metaspace       used 70849K, committed 71424K, reserved 278528K
  class space    used 9577K, committed 9856K, reserved 212992K

Heap Regions: E=young(eden), S=young(survivor), O=old, HS=humongous(starts), HC=humongous(continues), CS=collection set, F=free, OA=open archive, CA=closed archive, TAMS=top-at-mark-start (previous, next)
|   0|0x00000000e0000000, 0x00000000e0100000, 0x00000000e0100000|100%| O|  |TAMS 0x00000000e0100000, 0x00000000e0000000| Untracked 
|   1|0x00000000e0100000, 0x00000000e0200000, 0x00000000e0200000|100%| O|  |TAMS 0x00000000e0200000, 0x00000000e0100000| Untracked 
|   2|0x00000000e0200000, 0x00000000e0300000, 0x00000000e0300000|100%| O|  |TAMS 0x00000000e0300000, 0x00000000e0200000| Untracked 
|   3|0x00000000e0300000, 0x00000000e0400000, 0x00000000e0400000|100%|HS|  |TAMS 0x00000000e0400000, 0x00000000e0300000| Complete 
|   4|0x00000000e0400000, 0x00000000e0500000, 0x00000000e0500000|100%|HC|  |TAMS 0x00000000e0500000, 0x00000000e0400000| Complete 
|   5|0x00000000e0500000, 0x00000000e0600000, 0x00000000e0600000|100%|HC|  |TAMS 0x00000000e0600000, 0x00000000e0500000| Complete 
|   6|0x00000000e0600000, 0x00000000e0700000, 0x00000000e0700000|100%| O|  |TAMS 0x00000000e0700000, 0x00000000e0600000| Untracked 
|   7|0x00000000e0700000, 0x00000000e0800000, 0x00000000e0800000|100%| O|  |TAMS 0x00000000e0800000, 0x00000000e0700000| Untracked 
|   8|0x00000000e0800000, 0x00000000e0900000, 0x00000000e0900000|100%| O|  |TAMS 0x00000000e0900000, 0x00000000e0800000| Untracked 
|   9|0x00000000e0900000, 0x00000000e0a00000, 0x00000000e0a00000|100%| O|  |TAMS 0x00000000e0a00000, 0x00000000e0900000| Untracked 
|  10|0x00000000e0a00000, 0x00000000e0b00000, 0x00000000e0b00000|100%| O|  |TAMS 0x00000000e0b00000, 0x00000000e0a00000| Untracked 
|  11|0x00000000e0b00000, 0x00000000e0c00000, 0x00000000e0c00000|100%| O|  |TAMS 0x00000000e0c00000, 0x00000000e0b00000| Untracked 
|  12|0x00000000e0c00000, 0x00000000e0d00000, 0x00000000e0d00000|100%| O|  |TAMS 0x00000000e0d00000, 0x00000000e0c00000| Untracked 
|  13|0x00000000e0d00000, 0x00000000e0e00000, 0x00000000e0e00000|100%| O|  |TAMS 0x00000000e0e00000, 0x00000000e0d00000| Untracked 
|  14|0x00000000e0e00000, 0x00000000e0f00000, 0x00000000e0f00000|100%| O|  |TAMS 0x00000000e0f00000, 0x00000000e0e00000| Untracked 
|  15|0x00000000e0f00000, 0x00000000e1000000, 0x00000000e1000000|100%| O|  |TAMS 0x00000000e1000000, 0x00000000e0f00000| Untracked 
|  16|0x00000000e1000000, 0x00000000e1100000, 0x00000000e1100000|100%| O|  |TAMS 0x00000000e1100000, 0x00000000e1000000| Untracked 
|  17|0x00000000e1100000, 0x00000000e1200000, 0x00000000e1200000|100%| O|  |TAMS 0x00000000e1200000, 0x00000000e1100000| Untracked 
|  18|0x00000000e1200000, 0x00000000e1300000, 0x00000000e1300000|100%| O|  |TAMS 0x00000000e1300000, 0x00000000e1200000| Untracked 
|  19|0x00000000e1300000, 0x00000000e1400000, 0x00000000e1400000|100%| O|  |TAMS 0x00000000e1400000, 0x00000000e1300000| Untracked 
|  20|0x00000000e1400000, 0x00000000e1500000, 0x00000000e1500000|100%| O|  |TAMS 0x00000000e1400000, 0x00000000e1400000| Untracked 
|  21|0x00000000e1500000, 0x00000000e1600000, 0x00000000e1600000|100%| O|  |TAMS 0x00000000e1600000, 0x00000000e1500000| Untracked 
|  22|0x00000000e1600000, 0x00000000e1700000, 0x00000000e1700000|100%| O|  |TAMS 0x00000000e1700000, 0x00000000e1600000| Untracked 
|  23|0x00000000e1700000, 0x00000000e1800000, 0x00000000e1800000|100%| O|  |TAMS 0x00000000e1800000, 0x00000000e1700000| Untracked 
|  24|0x00000000e1800000, 0x00000000e1900000, 0x00000000e1900000|100%| O|  |TAMS 0x00000000e1900000, 0x00000000e1800000| Untracked 
|  25|0x00000000e1900000, 0x00000000e1a00000, 0x00000000e1a00000|100%| O|  |TAMS 0x00000000e1a00000, 0x00000000e1900000| Untracked 
|  26|0x00000000e1a00000, 0x00000000e1b00000, 0x00000000e1b00000|100%| O|  |TAMS 0x00000000e1b00000, 0x00000000e1a00000| Untracked 
|  27|0x00000000e1b00000, 0x00000000e1c00000, 0x00000000e1c00000|100%| O|  |TAMS 0x00000000e1c00000, 0x00000000e1b00000| Untracked 
|  28|0x00000000e1c00000, 0x00000000e1d00000, 0x00000000e1d00000|100%| O|  |TAMS 0x00000000e1d00000, 0x00000000e1c00000| Untracked 
|  29|0x00000000e1d00000, 0x00000000e1e00000, 0x00000000e1e00000|100%| O|  |TAMS 0x00000000e1e00000, 0x00000000e1d00000| Complete 
|  30|0x00000000e1e00000, 0x00000000e1f00000, 0x00000000e1f00000|100%| O|  |TAMS 0x00000000e1e00000, 0x00000000e1e00000| Untracked 
|  31|0x00000000e1f00000, 0x00000000e2000000, 0x00000000e2000000|100%| O|  |TAMS 0x00000000e1f00000, 0x00000000e1f00000| Untracked 
|  32|0x00000000e2000000, 0x00000000e2100000, 0x00000000e2100000|100%| O|  |TAMS 0x00000000e2000000, 0x00000000e2000000| Untracked 
|  33|0x00000000e2100000, 0x00000000e2200000, 0x00000000e2200000|100%| O|  |TAMS 0x00000000e2100000, 0x00000000e2100000| Untracked 
|  34|0x00000000e2200000, 0x00000000e2300000, 0x00000000e2300000|100%| O|  |TAMS 0x00000000e2200000, 0x00000000e2200000| Untracked 
|  35|0x00000000e2300000, 0x00000000e2400000, 0x00000000e2400000|100%| O|  |TAMS 0x00000000e2300000, 0x00000000e2300000| Untracked 
|  36|0x00000000e2400000, 0x00000000e2500000, 0x00000000e2500000|100%| O|  |TAMS 0x00000000e2400000, 0x00000000e2400000| Untracked 
|  37|0x00000000e2500000, 0x00000000e2600000, 0x00000000e2600000|100%| O|  |TAMS 0x00000000e2500000, 0x00000000e2500000| Untracked 
|  38|0x00000000e2600000, 0x00000000e2700000, 0x00000000e2700000|100%| O|  |TAMS 0x00000000e2600000, 0x00000000e2600000| Untracked 
|  39|0x00000000e2700000, 0x00000000e2800000, 0x00000000e2800000|100%| O|  |TAMS 0x00000000e2700000, 0x00000000e2700000| Untracked 
|  40|0x00000000e2800000, 0x00000000e2900000, 0x00000000e2900000|100%| O|  |TAMS 0x00000000e2800000, 0x00000000e2800000| Untracked 
|  41|0x00000000e2900000, 0x00000000e2a00000, 0x00000000e2a00000|100%| O|  |TAMS 0x00000000e2900000, 0x00000000e2900000| Untracked 
|  42|0x00000000e2a00000, 0x00000000e2a67200, 0x00000000e2b00000| 40%| O|  |TAMS 0x00000000e2a00000, 0x00000000e2a00000| Untracked 
|  43|0x00000000e2b00000, 0x00000000e2b00000, 0x00000000e2c00000|  0%| F|  |TAMS 0x00000000e2b00000, 0x00000000e2b00000| Untracked 
|  44|0x00000000e2c00000, 0x00000000e2c00000, 0x00000000e2d00000|  0%| F|  |TAMS 0x00000000e2c00000, 0x00000000e2c00000| Untracked 
|  45|0x00000000e2d00000, 0x00000000e2d00000, 0x00000000e2e00000|  0%| F|  |TAMS 0x00000000e2d00000, 0x00000000e2d00000| Untracked 
|  46|0x00000000e2e00000, 0x00000000e2e00000, 0x00000000e2f00000|  0%| F|  |TAMS 0x00000000e2e00000, 0x00000000e2e00000| Untracked 
|  47|0x00000000e2f00000, 0x00000000e2f00000, 0x00000000e3000000|  0%| F|  |TAMS 0x00000000e2f00000, 0x00000000e2f00000| Untracked 
|  48|0x00000000e3000000, 0x00000000e3000000, 0x00000000e3100000|  0%| F|  |TAMS 0x00000000e3000000, 0x00000000e3000000| Untracked 
|  49|0x00000000e3100000, 0x00000000e3100000, 0x00000000e3200000|  0%| F|  |TAMS 0x00000000e3100000, 0x00000000e3100000| Untracked 
|  50|0x00000000e3200000, 0x00000000e3200000, 0x00000000e3300000|  0%| F|  |TAMS 0x00000000e3200000, 0x00000000e3200000| Untracked 
|  51|0x00000000e3300000, 0x00000000e3300000, 0x00000000e3400000|  0%| F|  |TAMS 0x00000000e3300000, 0x00000000e3300000| Untracked 
|  52|0x00000000e3400000, 0x00000000e3400000, 0x00000000e3500000|  0%| F|  |TAMS 0x00000000e3400000, 0x00000000e3400000| Untracked 
|  53|0x00000000e3500000, 0x00000000e3500000, 0x00000000e3600000|  0%| F|  |TAMS 0x00000000e3500000, 0x00000000e3500000| Untracked 
|  54|0x00000000e3600000, 0x00000000e3600000, 0x00000000e3700000|  0%| F|  |TAMS 0x00000000e3600000, 0x00000000e3600000| Untracked 
|  55|0x00000000e3700000, 0x00000000e3700000, 0x00000000e3800000|  0%| F|  |TAMS 0x00000000e3700000, 0x00000000e3700000| Untracked 
|  56|0x00000000e3800000, 0x00000000e3800000, 0x00000000e3900000|  0%| F|  |TAMS 0x00000000e3800000, 0x00000000e3800000| Untracked 
|  57|0x00000000e3900000, 0x00000000e3900000, 0x00000000e3a00000|  0%| F|  |TAMS 0x00000000e3900000, 0x00000000e3900000| Untracked 
|  58|0x00000000e3a00000, 0x00000000e3a00000, 0x00000000e3b00000|  0%| F|  |TAMS 0x00000000e3a00000, 0x00000000e3a00000| Untracked 
|  59|0x00000000e3b00000, 0x00000000e3b00000, 0x00000000e3c00000|  0%| F|  |TAMS 0x00000000e3b00000, 0x00000000e3b00000| Untracked 
|  60|0x00000000e3c00000, 0x00000000e3c00000, 0x00000000e3d00000|  0%| F|  |TAMS 0x00000000e3c00000, 0x00000000e3c00000| Untracked 
|  61|0x00000000e3d00000, 0x00000000e3d00000, 0x00000000e3e00000|  0%| F|  |TAMS 0x00000000e3d00000, 0x00000000e3d00000| Untracked 
|  62|0x00000000e3e00000, 0x00000000e3e00000, 0x00000000e3f00000|  0%| F|  |TAMS 0x00000000e3e00000, 0x00000000e3e00000| Untracked 
|  63|0x00000000e3f00000, 0x00000000e3f00000, 0x00000000e4000000|  0%| F|  |TAMS 0x00000000e3f00000, 0x00000000e3f00000| Untracked 
|  64|0x00000000e4000000, 0x00000000e4000000, 0x00000000e4100000|  0%| F|  |TAMS 0x00000000e4000000, 0x00000000e4000000| Untracked 
|  65|0x00000000e4100000, 0x00000000e4100000, 0x00000000e4200000|  0%| F|  |TAMS 0x00000000e4100000, 0x00000000e4100000| Untracked 
|  66|0x00000000e4200000, 0x00000000e4200000, 0x00000000e4300000|  0%| F|  |TAMS 0x00000000e4200000, 0x00000000e4200000| Untracked 
|  67|0x00000000e4300000, 0x00000000e4300000, 0x00000000e4400000|  0%| F|  |TAMS 0x00000000e4300000, 0x00000000e4300000| Untracked 
|  68|0x00000000e4400000, 0x00000000e4400000, 0x00000000e4500000|  0%| F|  |TAMS 0x00000000e4400000, 0x00000000e4400000| Untracked 
|  69|0x00000000e4500000, 0x00000000e4500000, 0x00000000e4600000|  0%| F|  |TAMS 0x00000000e4500000, 0x00000000e4500000| Untracked 
|  70|0x00000000e4600000, 0x00000000e4600000, 0x00000000e4700000|  0%| F|  |TAMS 0x00000000e4600000, 0x00000000e4600000| Untracked 
|  71|0x00000000e4700000, 0x00000000e4700000, 0x00000000e4800000|  0%| F|  |TAMS 0x00000000e4700000, 0x00000000e4700000| Untracked 
|  72|0x00000000e4800000, 0x00000000e4800000, 0x00000000e4900000|  0%| F|  |TAMS 0x00000000e4800000, 0x00000000e4800000| Untracked 
|  73|0x00000000e4900000, 0x00000000e4900000, 0x00000000e4a00000|  0%| F|  |TAMS 0x00000000e4900000, 0x00000000e4900000| Untracked 
|  74|0x00000000e4a00000, 0x00000000e4a00000, 0x00000000e4b00000|  0%| F|  |TAMS 0x00000000e4a00000, 0x00000000e4a00000| Untracked 
|  75|0x00000000e4b00000, 0x00000000e4b00000, 0x00000000e4c00000|  0%| F|  |TAMS 0x00000000e4b00000, 0x00000000e4b00000| Untracked 
|  76|0x00000000e4c00000, 0x00000000e4c00000, 0x00000000e4d00000|  0%| F|  |TAMS 0x00000000e4c00000, 0x00000000e4c00000| Untracked 
|  77|0x00000000e4d00000, 0x00000000e4d00000, 0x00000000e4e00000|  0%| F|  |TAMS 0x00000000e4d00000, 0x00000000e4d00000| Untracked 
|  78|0x00000000e4e00000, 0x00000000e4e00000, 0x00000000e4f00000|  0%| F|  |TAMS 0x00000000e4e00000, 0x00000000e4e00000| Untracked 
|  79|0x00000000e4f00000, 0x00000000e4f00000, 0x00000000e5000000|  0%| F|  |TAMS 0x00000000e4f00000, 0x00000000e4f00000| Untracked 
|  80|0x00000000e5000000, 0x00000000e5000000, 0x00000000e5100000|  0%| F|  |TAMS 0x00000000e5000000, 0x00000000e5000000| Untracked 
|  81|0x00000000e5100000, 0x00000000e5100000, 0x00000000e5200000|  0%| F|  |TAMS 0x00000000e5100000, 0x00000000e5100000| Untracked 
|  82|0x00000000e5200000, 0x00000000e5200000, 0x00000000e5300000|  0%| F|  |TAMS 0x00000000e5200000, 0x00000000e5200000| Untracked 
|  83|0x00000000e5300000, 0x00000000e5300000, 0x00000000e5400000|  0%| F|  |TAMS 0x00000000e5300000, 0x00000000e5300000| Untracked 
|  84|0x00000000e5400000, 0x00000000e5400000, 0x00000000e5500000|  0%| F|  |TAMS 0x00000000e5400000, 0x00000000e5400000| Untracked 
|  85|0x00000000e5500000, 0x00000000e5500000, 0x00000000e5600000|  0%| F|  |TAMS 0x00000000e5500000, 0x00000000e5500000| Untracked 
|  86|0x00000000e5600000, 0x00000000e5600000, 0x00000000e5700000|  0%| F|  |TAMS 0x00000000e5600000, 0x00000000e5600000| Untracked 
|  87|0x00000000e5700000, 0x00000000e5700000, 0x00000000e5800000|  0%| F|  |TAMS 0x00000000e5700000, 0x00000000e5700000| Untracked 
|  88|0x00000000e5800000, 0x00000000e5800000, 0x00000000e5900000|  0%| F|  |TAMS 0x00000000e5800000, 0x00000000e5800000| Untracked 
|  89|0x00000000e5900000, 0x00000000e5900000, 0x00000000e5a00000|  0%| F|  |TAMS 0x00000000e5900000, 0x00000000e5900000| Untracked 
|  90|0x00000000e5a00000, 0x00000000e5a00000, 0x00000000e5b00000|  0%| F|  |TAMS 0x00000000e5a00000, 0x00000000e5a00000| Untracked 
|  91|0x00000000e5b00000, 0x00000000e5b00000, 0x00000000e5c00000|  0%| F|  |TAMS 0x00000000e5b00000, 0x00000000e5b00000| Untracked 
|  92|0x00000000e5c00000, 0x00000000e5c00000, 0x00000000e5d00000|  0%| F|  |TAMS 0x00000000e5c00000, 0x00000000e5c00000| Untracked 
|  93|0x00000000e5d00000, 0x00000000e5d00000, 0x00000000e5e00000|  0%| F|  |TAMS 0x00000000e5d00000, 0x00000000e5d00000| Untracked 
|  94|0x00000000e5e00000, 0x00000000e5e00000, 0x00000000e5f00000|  0%| F|  |TAMS 0x00000000e5e00000, 0x00000000e5e00000| Untracked 
|  95|0x00000000e5f00000, 0x00000000e5f00000, 0x00000000e6000000|  0%| F|  |TAMS 0x00000000e5f00000, 0x00000000e5f00000| Untracked 
|  96|0x00000000e6000000, 0x00000000e6000000, 0x00000000e6100000|  0%| F|  |TAMS 0x00000000e6000000, 0x00000000e6000000| Untracked 
|  97|0x00000000e6100000, 0x00000000e6100000, 0x00000000e6200000|  0%| F|  |TAMS 0x00000000e6100000, 0x00000000e6100000| Untracked 
|  98|0x00000000e6200000, 0x00000000e6200000, 0x00000000e6300000|  0%| F|  |TAMS 0x00000000e6200000, 0x00000000e6200000| Untracked 
|  99|0x00000000e6300000, 0x00000000e6300000, 0x00000000e6400000|  0%| F|  |TAMS 0x00000000e6300000, 0x00000000e6300000| Untracked 
| 100|0x00000000e6400000, 0x00000000e6400000, 0x00000000e6500000|  0%| F|  |TAMS 0x00000000e6400000, 0x00000000e6400000| Untracked 
| 101|0x00000000e6500000, 0x00000000e6500000, 0x00000000e6600000|  0%| F|  |TAMS 0x00000000e6500000, 0x00000000e6500000| Untracked 
| 102|0x00000000e6600000, 0x00000000e6600000, 0x00000000e6700000|  0%| F|  |TAMS 0x00000000e6600000, 0x00000000e6600000| Untracked 
| 103|0x00000000e6700000, 0x00000000e6700000, 0x00000000e6800000|  0%| F|  |TAMS 0x00000000e6700000, 0x00000000e6700000| Untracked 
| 104|0x00000000e6800000, 0x00000000e6800000, 0x00000000e6900000|  0%| F|  |TAMS 0x00000000e6800000, 0x00000000e6800000| Untracked 
| 105|0x00000000e6900000, 0x00000000e6900000, 0x00000000e6a00000|  0%| F|  |TAMS 0x00000000e6900000, 0x00000000e6900000| Untracked 
| 106|0x00000000e6a00000, 0x00000000e6a00000, 0x00000000e6b00000|  0%| F|  |TAMS 0x00000000e6a00000, 0x00000000e6a00000| Untracked 
| 107|0x00000000e6b00000, 0x00000000e6b00000, 0x00000000e6c00000|  0%| F|  |TAMS 0x00000000e6b00000, 0x00000000e6b00000| Untracked 
| 108|0x00000000e6c00000, 0x00000000e6c00000, 0x00000000e6d00000|  0%| F|  |TAMS 0x00000000e6c00000, 0x00000000e6c00000| Untracked 
| 109|0x00000000e6d00000, 0x00000000e6d00000, 0x00000000e6e00000|  0%| F|  |TAMS 0x00000000e6d00000, 0x00000000e6d00000| Untracked 
| 110|0x00000000e6e00000, 0x00000000e6e00000, 0x00000000e6f00000|  0%| F|  |TAMS 0x00000000e6e00000, 0x00000000e6e00000| Untracked 
| 111|0x00000000e6f00000, 0x00000000e6f00000, 0x00000000e7000000|  0%| F|  |TAMS 0x00000000e6f00000, 0x00000000e6f00000| Untracked 
| 112|0x00000000e7000000, 0x00000000e7000000, 0x00000000e7100000|  0%| F|  |TAMS 0x00000000e7000000, 0x00000000e7000000| Untracked 
| 113|0x00000000e7100000, 0x00000000e7100000, 0x00000000e7200000|  0%| F|  |TAMS 0x00000000e7100000, 0x00000000e7100000| Untracked 
| 114|0x00000000e7200000, 0x00000000e7200000, 0x00000000e7300000|  0%| F|  |TAMS 0x00000000e7200000, 0x00000000e7200000| Untracked 
| 115|0x00000000e7300000, 0x00000000e7300000, 0x00000000e7400000|  0%| F|  |TAMS 0x00000000e7300000, 0x00000000e7300000| Untracked 
| 116|0x00000000e7400000, 0x00000000e7400000, 0x00000000e7500000|  0%| F|  |TAMS 0x00000000e7400000, 0x00000000e7400000| Untracked 
| 117|0x00000000e7500000, 0x00000000e7500000, 0x00000000e7600000|  0%| F|  |TAMS 0x00000000e7500000, 0x00000000e7500000| Untracked 
| 118|0x00000000e7600000, 0x00000000e7600000, 0x00000000e7700000|  0%| F|  |TAMS 0x00000000e7600000, 0x00000000e7600000| Untracked 
| 119|0x00000000e7700000, 0x00000000e7700000, 0x00000000e7800000|  0%| F|  |TAMS 0x00000000e7700000, 0x00000000e7700000| Untracked 
| 120|0x00000000e7800000, 0x00000000e7800000, 0x00000000e7900000|  0%| F|  |TAMS 0x00000000e7800000, 0x00000000e7800000| Untracked 
| 121|0x00000000e7900000, 0x00000000e7900000, 0x00000000e7a00000|  0%| F|  |TAMS 0x00000000e7900000, 0x00000000e7900000| Untracked 
| 122|0x00000000e7a00000, 0x00000000e7a00000, 0x00000000e7b00000|  0%| F|  |TAMS 0x00000000e7a00000, 0x00000000e7a00000| Untracked 
| 123|0x00000000e7b00000, 0x00000000e7b00000, 0x00000000e7c00000|  0%| F|  |TAMS 0x00000000e7b00000, 0x00000000e7b00000| Untracked 
| 124|0x00000000e7c00000, 0x00000000e7c00000, 0x00000000e7d00000|  0%| F|  |TAMS 0x00000000e7c00000, 0x00000000e7c00000| Untracked 
| 125|0x00000000e7d00000, 0x00000000e7d00000, 0x00000000e7e00000|  0%| F|  |TAMS 0x00000000e7d00000, 0x00000000e7d00000| Untracked 
| 126|0x00000000e7e00000, 0x00000000e7e00000, 0x00000000e7f00000|  0%| F|  |TAMS 0x00000000e7e00000, 0x00000000e7e00000| Untracked 
| 127|0x00000000e7f00000, 0x00000000e7f00000, 0x00000000e8000000|  0%| F|  |TAMS 0x00000000e7f00000, 0x00000000e7f00000| Untracked 
| 128|0x00000000e8000000, 0x00000000e8000000, 0x00000000e8100000|  0%| F|  |TAMS 0x00000000e8000000, 0x00000000e8000000| Untracked 
| 129|0x00000000e8100000, 0x00000000e8100000, 0x00000000e8200000|  0%| F|  |TAMS 0x00000000e8100000, 0x00000000e8100000| Untracked 
| 130|0x00000000e8200000, 0x00000000e8200000, 0x00000000e8300000|  0%| F|  |TAMS 0x00000000e8200000, 0x00000000e8200000| Untracked 
| 131|0x00000000e8300000, 0x00000000e8300000, 0x00000000e8400000|  0%| F|  |TAMS 0x00000000e8300000, 0x00000000e8300000| Untracked 
| 132|0x00000000e8400000, 0x00000000e8400000, 0x00000000e8500000|  0%| F|  |TAMS 0x00000000e8400000, 0x00000000e8400000| Untracked 
| 133|0x00000000e8500000, 0x00000000e8500000, 0x00000000e8600000|  0%| F|  |TAMS 0x00000000e8500000, 0x00000000e8500000| Untracked 
| 134|0x00000000e8600000, 0x00000000e8600000, 0x00000000e8700000|  0%| F|  |TAMS 0x00000000e8600000, 0x00000000e8600000| Untracked 
| 135|0x00000000e8700000, 0x00000000e8700000, 0x00000000e8800000|  0%| F|  |TAMS 0x00000000e8700000, 0x00000000e8700000| Untracked 
| 136|0x00000000e8800000, 0x00000000e8800000, 0x00000000e8900000|  0%| F|  |TAMS 0x00000000e8800000, 0x00000000e8800000| Untracked 
| 137|0x00000000e8900000, 0x00000000e8900000, 0x00000000e8a00000|  0%| F|  |TAMS 0x00000000e8900000, 0x00000000e8900000| Untracked 
| 138|0x00000000e8a00000, 0x00000000e8a00000, 0x00000000e8b00000|  0%| F|  |TAMS 0x00000000e8a00000, 0x00000000e8a00000| Untracked 
| 139|0x00000000e8b00000, 0x00000000e8b00000, 0x00000000e8c00000|  0%| F|  |TAMS 0x00000000e8b00000, 0x00000000e8b00000| Untracked 
| 140|0x00000000e8c00000, 0x00000000e8c00000, 0x00000000e8d00000|  0%| F|  |TAMS 0x00000000e8c00000, 0x00000000e8c00000| Untracked 
| 141|0x00000000e8d00000, 0x00000000e8d00000, 0x00000000e8e00000|  0%| F|  |TAMS 0x00000000e8d00000, 0x00000000e8d00000| Untracked 
| 142|0x00000000e8e00000, 0x00000000e8e00000, 0x00000000e8f00000|  0%| F|  |TAMS 0x00000000e8e00000, 0x00000000e8e00000| Untracked 
| 143|0x00000000e8f00000, 0x00000000e8f00000, 0x00000000e9000000|  0%| F|  |TAMS 0x00000000e8f00000, 0x00000000e8f00000| Untracked 
| 144|0x00000000e9000000, 0x00000000e9000000, 0x00000000e9100000|  0%| F|  |TAMS 0x00000000e9000000, 0x00000000e9000000| Untracked 
| 145|0x00000000e9100000, 0x00000000e9100000, 0x00000000e9200000|  0%| F|  |TAMS 0x00000000e9100000, 0x00000000e9100000| Untracked 
| 146|0x00000000e9200000, 0x00000000e9200000, 0x00000000e9300000|  0%| F|  |TAMS 0x00000000e9200000, 0x00000000e9200000| Untracked 
| 147|0x00000000e9300000, 0x00000000e9300000, 0x00000000e9400000|  0%| F|  |TAMS 0x00000000e9300000, 0x00000000e9300000| Untracked 
| 148|0x00000000e9400000, 0x00000000e9400000, 0x00000000e9500000|  0%| F|  |TAMS 0x00000000e9400000, 0x00000000e9400000| Untracked 
| 149|0x00000000e9500000, 0x00000000e9500000, 0x00000000e9600000|  0%| F|  |TAMS 0x00000000e9500000, 0x00000000e9500000| Untracked 
| 150|0x00000000e9600000, 0x00000000e9600000, 0x00000000e9700000|  0%| F|  |TAMS 0x00000000e9600000, 0x00000000e9600000| Untracked 
| 151|0x00000000e9700000, 0x00000000e9700000, 0x00000000e9800000|  0%| F|  |TAMS 0x00000000e9700000, 0x00000000e9700000| Untracked 
| 152|0x00000000e9800000, 0x00000000e9800000, 0x00000000e9900000|  0%| F|  |TAMS 0x00000000e9800000, 0x00000000e9800000| Untracked 
| 153|0x00000000e9900000, 0x00000000e9900000, 0x00000000e9a00000|  0%| F|  |TAMS 0x00000000e9900000, 0x00000000e9900000| Untracked 
| 154|0x00000000e9a00000, 0x00000000e9a00000, 0x00000000e9b00000|  0%| F|  |TAMS 0x00000000e9a00000, 0x00000000e9a00000| Untracked 
| 155|0x00000000e9b00000, 0x00000000e9b00000, 0x00000000e9c00000|  0%| F|  |TAMS 0x00000000e9b00000, 0x00000000e9b00000| Untracked 
| 156|0x00000000e9c00000, 0x00000000e9c00000, 0x00000000e9d00000|  0%| F|  |TAMS 0x00000000e9c00000, 0x00000000e9c00000| Untracked 
| 157|0x00000000e9d00000, 0x00000000e9d00000, 0x00000000e9e00000|  0%| F|  |TAMS 0x00000000e9d00000, 0x00000000e9d00000| Untracked 
| 158|0x00000000e9e00000, 0x00000000e9e00000, 0x00000000e9f00000|  0%| F|  |TAMS 0x00000000e9e00000, 0x00000000e9e00000| Untracked 
| 159|0x00000000e9f00000, 0x00000000e9f00000, 0x00000000ea000000|  0%| F|  |TAMS 0x00000000e9f00000, 0x00000000e9f00000| Untracked 
| 160|0x00000000ea000000, 0x00000000ea000000, 0x00000000ea100000|  0%| F|  |TAMS 0x00000000ea000000, 0x00000000ea000000| Untracked 
| 161|0x00000000ea100000, 0x00000000ea100000, 0x00000000ea200000|  0%| F|  |TAMS 0x00000000ea100000, 0x00000000ea100000| Untracked 
| 162|0x00000000ea200000, 0x00000000ea200000, 0x00000000ea300000|  0%| F|  |TAMS 0x00000000ea200000, 0x00000000ea200000| Untracked 
| 163|0x00000000ea300000, 0x00000000ea32f9f8, 0x00000000ea400000| 18%| E|  |TAMS 0x00000000ea300000, 0x00000000ea300000| Complete 
| 164|0x00000000ea400000, 0x00000000ea500000, 0x00000000ea500000|100%| E|CS|TAMS 0x00000000ea400000, 0x00000000ea400000| Complete 
| 165|0x00000000ea500000, 0x00000000ea600000, 0x00000000ea600000|100%| E|CS|TAMS 0x00000000ea500000, 0x00000000ea500000| Complete 
| 166|0x00000000ea600000, 0x00000000ea700000, 0x00000000ea700000|100%| E|CS|TAMS 0x00000000ea600000, 0x00000000ea600000| Complete 
| 167|0x00000000ea700000, 0x00000000ea800000, 0x00000000ea800000|100%| E|CS|TAMS 0x00000000ea700000, 0x00000000ea700000| Complete 
| 168|0x00000000ea800000, 0x00000000ea900000, 0x00000000ea900000|100%| E|CS|TAMS 0x00000000ea800000, 0x00000000ea800000| Complete 
| 169|0x00000000ea900000, 0x00000000eaa00000, 0x00000000eaa00000|100%| E|CS|TAMS 0x00000000ea900000, 0x00000000ea900000| Complete 
| 170|0x00000000eaa00000, 0x00000000eab00000, 0x00000000eab00000|100%| E|CS|TAMS 0x00000000eaa00000, 0x00000000eaa00000| Complete 
| 171|0x00000000eab00000, 0x00000000eac00000, 0x00000000eac00000|100%| E|CS|TAMS 0x00000000eab00000, 0x00000000eab00000| Complete 
| 172|0x00000000eac00000, 0x00000000ead00000, 0x00000000ead00000|100%| E|CS|TAMS 0x00000000eac00000, 0x00000000eac00000| Complete 
| 173|0x00000000ead00000, 0x00000000eae00000, 0x00000000eae00000|100%| E|CS|TAMS 0x00000000ead00000, 0x00000000ead00000| Complete 
| 174|0x00000000eae00000, 0x00000000eaf00000, 0x00000000eaf00000|100%| E|CS|TAMS 0x00000000eae00000, 0x00000000eae00000| Complete 
| 175|0x00000000eaf00000, 0x00000000eb000000, 0x00000000eb000000|100%| E|CS|TAMS 0x00000000eaf00000, 0x00000000eaf00000| Complete 
| 176|0x00000000eb000000, 0x00000000eb100000, 0x00000000eb100000|100%| E|CS|TAMS 0x00000000eb000000, 0x00000000eb000000| Complete 
| 177|0x00000000eb100000, 0x00000000eb200000, 0x00000000eb200000|100%| E|  |TAMS 0x00000000eb100000, 0x00000000eb100000| Complete 
| 178|0x00000000eb200000, 0x00000000eb300000, 0x00000000eb300000|100%| E|CS|TAMS 0x00000000eb200000, 0x00000000eb200000| Complete 
| 179|0x00000000eb300000, 0x00000000eb400000, 0x00000000eb400000|100%| E|CS|TAMS 0x00000000eb300000, 0x00000000eb300000| Complete 
| 180|0x00000000eb400000, 0x00000000eb500000, 0x00000000eb500000|100%| E|CS|TAMS 0x00000000eb400000, 0x00000000eb400000| Complete 
| 181|0x00000000eb500000, 0x00000000eb600000, 0x00000000eb600000|100%| E|CS|TAMS 0x00000000eb500000, 0x00000000eb500000| Complete 
| 182|0x00000000eb600000, 0x00000000eb700000, 0x00000000eb700000|100%| E|CS|TAMS 0x00000000eb600000, 0x00000000eb600000| Complete 
| 183|0x00000000eb700000, 0x00000000eb800000, 0x00000000eb800000|100%| E|CS|TAMS 0x00000000eb700000, 0x00000000eb700000| Complete 
| 184|0x00000000eb800000, 0x00000000eb900000, 0x00000000eb900000|100%| E|CS|TAMS 0x00000000eb800000, 0x00000000eb800000| Complete 
| 185|0x00000000eb900000, 0x00000000eba00000, 0x00000000eba00000|100%| E|CS|TAMS 0x00000000eb900000, 0x00000000eb900000| Complete 
| 186|0x00000000eba00000, 0x00000000ebb00000, 0x00000000ebb00000|100%| E|CS|TAMS 0x00000000eba00000, 0x00000000eba00000| Complete 
| 187|0x00000000ebb00000, 0x00000000ebc00000, 0x00000000ebc00000|100%| E|CS|TAMS 0x00000000ebb00000, 0x00000000ebb00000| Complete 
| 188|0x00000000ebc00000, 0x00000000ebd00000, 0x00000000ebd00000|100%| E|CS|TAMS 0x00000000ebc00000, 0x00000000ebc00000| Complete 
| 189|0x00000000ebd00000, 0x00000000ebe00000, 0x00000000ebe00000|100%| E|CS|TAMS 0x00000000ebd00000, 0x00000000ebd00000| Complete 
| 190|0x00000000ebe00000, 0x00000000ebf00000, 0x00000000ebf00000|100%| E|CS|TAMS 0x00000000ebe00000, 0x00000000ebe00000| Complete 
| 191|0x00000000ebf00000, 0x00000000ec000000, 0x00000000ec000000|100%| E|CS|TAMS 0x00000000ebf00000, 0x00000000ebf00000| Complete 
| 192|0x00000000ec000000, 0x00000000ec100000, 0x00000000ec100000|100%| E|CS|TAMS 0x00000000ec000000, 0x00000000ec000000| Complete 
| 193|0x00000000ec100000, 0x00000000ec200000, 0x00000000ec200000|100%| E|CS|TAMS 0x00000000ec100000, 0x00000000ec100000| Complete 
| 194|0x00000000ec200000, 0x00000000ec300000, 0x00000000ec300000|100%| E|CS|TAMS 0x00000000ec200000, 0x00000000ec200000| Complete 
| 195|0x00000000ec300000, 0x00000000ec400000, 0x00000000ec400000|100%| E|CS|TAMS 0x00000000ec300000, 0x00000000ec300000| Complete 
| 196|0x00000000ec400000, 0x00000000ec500000, 0x00000000ec500000|100%| E|CS|TAMS 0x00000000ec400000, 0x00000000ec400000| Complete 
| 197|0x00000000ec500000, 0x00000000ec600000, 0x00000000ec600000|100%| E|CS|TAMS 0x00000000ec500000, 0x00000000ec500000| Complete 
| 198|0x00000000ec600000, 0x00000000ec700000, 0x00000000ec700000|100%| E|CS|TAMS 0x00000000ec600000, 0x00000000ec600000| Complete 
| 199|0x00000000ec700000, 0x00000000ec800000, 0x00000000ec800000|100%| E|CS|TAMS 0x00000000ec700000, 0x00000000ec700000| Complete 
| 200|0x00000000ec800000, 0x00000000ec8fccf0, 0x00000000ec900000| 98%| S|CS|TAMS 0x00000000ec800000, 0x00000000ec800000| Complete 
| 201|0x00000000ec900000, 0x00000000eca00000, 0x00000000eca00000|100%| S|CS|TAMS 0x00000000ec900000, 0x00000000ec900000| Complete 
| 202|0x00000000eca00000, 0x00000000ecb00000, 0x00000000ecb00000|100%| S|CS|TAMS 0x00000000eca00000, 0x00000000eca00000| Complete 
| 203|0x00000000ecb00000, 0x00000000ecc00000, 0x00000000ecc00000|100%| S|CS|TAMS 0x00000000ecb00000, 0x00000000ecb00000| Complete 
| 204|0x00000000ecc00000, 0x00000000ecd00000, 0x00000000ecd00000|100%| S|CS|TAMS 0x00000000ecc00000, 0x00000000ecc00000| Complete 
| 205|0x00000000ecd00000, 0x00000000ece00000, 0x00000000ece00000|100%| S|CS|TAMS 0x00000000ecd00000, 0x00000000ecd00000| Complete 
| 206|0x00000000ece00000, 0x00000000ecf00000, 0x00000000ecf00000|100%| E|CS|TAMS 0x00000000ece00000, 0x00000000ece00000| Complete 
| 207|0x00000000ecf00000, 0x00000000ed000000, 0x00000000ed000000|100%| E|CS|TAMS 0x00000000ecf00000, 0x00000000ecf00000| Complete 
| 208|0x00000000ed000000, 0x00000000ed100000, 0x00000000ed100000|100%| E|CS|TAMS 0x00000000ed000000, 0x00000000ed000000| Complete 
| 209|0x00000000ed100000, 0x00000000ed200000, 0x00000000ed200000|100%| E|CS|TAMS 0x00000000ed100000, 0x00000000ed100000| Complete 
| 210|0x00000000ed200000, 0x00000000ed300000, 0x00000000ed300000|100%| E|CS|TAMS 0x00000000ed200000, 0x00000000ed200000| Complete 
| 211|0x00000000ed300000, 0x00000000ed400000, 0x00000000ed400000|100%| E|CS|TAMS 0x00000000ed300000, 0x00000000ed300000| Complete 
| 212|0x00000000ed400000, 0x00000000ed500000, 0x00000000ed500000|100%| E|CS|TAMS 0x00000000ed400000, 0x00000000ed400000| Complete 
| 213|0x00000000ed500000, 0x00000000ed600000, 0x00000000ed600000|100%| E|CS|TAMS 0x00000000ed500000, 0x00000000ed500000| Complete 
| 214|0x00000000ed600000, 0x00000000ed700000, 0x00000000ed700000|100%| E|CS|TAMS 0x00000000ed600000, 0x00000000ed600000| Complete 
| 215|0x00000000ed700000, 0x00000000ed800000, 0x00000000ed800000|100%| E|CS|TAMS 0x00000000ed700000, 0x00000000ed700000| Complete 
| 216|0x00000000ed800000, 0x00000000ed900000, 0x00000000ed900000|100%| E|CS|TAMS 0x00000000ed800000, 0x00000000ed800000| Complete 
| 217|0x00000000ed900000, 0x00000000eda00000, 0x00000000eda00000|100%| E|CS|TAMS 0x00000000ed900000, 0x00000000ed900000| Complete 
| 218|0x00000000eda00000, 0x00000000edb00000, 0x00000000edb00000|100%| E|CS|TAMS 0x00000000eda00000, 0x00000000eda00000| Complete 
| 219|0x00000000edb00000, 0x00000000edc00000, 0x00000000edc00000|100%| E|CS|TAMS 0x00000000edb00000, 0x00000000edb00000| Complete 
| 220|0x00000000edc00000, 0x00000000edd00000, 0x00000000edd00000|100%| E|CS|TAMS 0x00000000edc00000, 0x00000000edc00000| Complete 
| 221|0x00000000edd00000, 0x00000000ede00000, 0x00000000ede00000|100%| E|CS|TAMS 0x00000000edd00000, 0x00000000edd00000| Complete 
| 222|0x00000000ede00000, 0x00000000edf00000, 0x00000000edf00000|100%| E|CS|TAMS 0x00000000ede00000, 0x00000000ede00000| Complete 
| 223|0x00000000edf00000, 0x00000000ee000000, 0x00000000ee000000|100%| E|CS|TAMS 0x00000000edf00000, 0x00000000edf00000| Complete 
| 224|0x00000000ee000000, 0x00000000ee100000, 0x00000000ee100000|100%| E|CS|TAMS 0x00000000ee000000, 0x00000000ee000000| Complete 
| 225|0x00000000ee100000, 0x00000000ee200000, 0x00000000ee200000|100%| E|CS|TAMS 0x00000000ee100000, 0x00000000ee100000| Complete 
| 226|0x00000000ee200000, 0x00000000ee300000, 0x00000000ee300000|100%| E|CS|TAMS 0x00000000ee200000, 0x00000000ee200000| Complete 
| 227|0x00000000ee300000, 0x00000000ee400000, 0x00000000ee400000|100%| E|CS|TAMS 0x00000000ee300000, 0x00000000ee300000| Complete 
| 228|0x00000000ee400000, 0x00000000ee500000, 0x00000000ee500000|100%| E|CS|TAMS 0x00000000ee400000, 0x00000000ee400000| Complete 
| 229|0x00000000ee500000, 0x00000000ee600000, 0x00000000ee600000|100%| E|CS|TAMS 0x00000000ee500000, 0x00000000ee500000| Complete 
| 230|0x00000000ee600000, 0x00000000ee700000, 0x00000000ee700000|100%| E|CS|TAMS 0x00000000ee600000, 0x00000000ee600000| Complete 
| 231|0x00000000ee700000, 0x00000000ee800000, 0x00000000ee800000|100%| E|CS|TAMS 0x00000000ee700000, 0x00000000ee700000| Complete 
| 232|0x00000000ee800000, 0x00000000ee900000, 0x00000000ee900000|100%| E|CS|TAMS 0x00000000ee800000, 0x00000000ee800000| Complete 
| 233|0x00000000ee900000, 0x00000000eea00000, 0x00000000eea00000|100%| E|CS|TAMS 0x00000000ee900000, 0x00000000ee900000| Complete 
| 234|0x00000000eea00000, 0x00000000eeb00000, 0x00000000eeb00000|100%| E|CS|TAMS 0x00000000eea00000, 0x00000000eea00000| Complete 
| 235|0x00000000eeb00000, 0x00000000eec00000, 0x00000000eec00000|100%| E|CS|TAMS 0x00000000eeb00000, 0x00000000eeb00000| Complete 
| 236|0x00000000eec00000, 0x00000000eed00000, 0x00000000eed00000|100%| E|CS|TAMS 0x00000000eec00000, 0x00000000eec00000| Complete 
| 237|0x00000000eed00000, 0x00000000eee00000, 0x00000000eee00000|100%| E|CS|TAMS 0x00000000eed00000, 0x00000000eed00000| Complete 
| 238|0x00000000eee00000, 0x00000000eef00000, 0x00000000eef00000|100%| E|CS|TAMS 0x00000000eee00000, 0x00000000eee00000| Complete 
| 239|0x00000000eef00000, 0x00000000ef000000, 0x00000000ef000000|100%| E|CS|TAMS 0x00000000eef00000, 0x00000000eef00000| Complete 
| 240|0x00000000ef000000, 0x00000000ef100000, 0x00000000ef100000|100%| E|CS|TAMS 0x00000000ef000000, 0x00000000ef000000| Complete 
| 241|0x00000000ef100000, 0x00000000ef200000, 0x00000000ef200000|100%| E|CS|TAMS 0x00000000ef100000, 0x00000000ef100000| Complete 
| 242|0x00000000ef200000, 0x00000000ef300000, 0x00000000ef300000|100%| E|CS|TAMS 0x00000000ef200000, 0x00000000ef200000| Complete 
| 243|0x00000000ef300000, 0x00000000ef400000, 0x00000000ef400000|100%| E|CS|TAMS 0x00000000ef300000, 0x00000000ef300000| Complete 
| 244|0x00000000ef400000, 0x00000000ef500000, 0x00000000ef500000|100%| E|CS|TAMS 0x00000000ef400000, 0x00000000ef400000| Complete 
| 245|0x00000000ef500000, 0x00000000ef600000, 0x00000000ef600000|100%| E|CS|TAMS 0x00000000ef500000, 0x00000000ef500000| Complete 
| 246|0x00000000ef600000, 0x00000000ef700000, 0x00000000ef700000|100%| E|CS|TAMS 0x00000000ef600000, 0x00000000ef600000| Complete 
| 247|0x00000000ef700000, 0x00000000ef800000, 0x00000000ef800000|100%| E|CS|TAMS 0x00000000ef700000, 0x00000000ef700000| Complete 
| 248|0x00000000ef800000, 0x00000000ef900000, 0x00000000ef900000|100%| E|CS|TAMS 0x00000000ef800000, 0x00000000ef800000| Complete 
| 249|0x00000000ef900000, 0x00000000efa00000, 0x00000000efa00000|100%| E|CS|TAMS 0x00000000ef900000, 0x00000000ef900000| Complete 
| 250|0x00000000efa00000, 0x00000000efb00000, 0x00000000efb00000|100%| E|CS|TAMS 0x00000000efa00000, 0x00000000efa00000| Complete 
| 251|0x00000000efb00000, 0x00000000efc00000, 0x00000000efc00000|100%| E|CS|TAMS 0x00000000efb00000, 0x00000000efb00000| Complete 
| 252|0x00000000efc00000, 0x00000000efd00000, 0x00000000efd00000|100%| E|CS|TAMS 0x00000000efc00000, 0x00000000efc00000| Complete 
| 253|0x00000000efd00000, 0x00000000efe00000, 0x00000000efe00000|100%| E|CS|TAMS 0x00000000efd00000, 0x00000000efd00000| Complete 
| 254|0x00000000efe00000, 0x00000000eff00000, 0x00000000eff00000|100%| E|CS|TAMS 0x00000000efe00000, 0x00000000efe00000| Complete 
| 255|0x00000000eff00000, 0x00000000f0000000, 0x00000000f0000000|100%| E|CS|TAMS 0x00000000eff00000, 0x00000000eff00000| Complete 

Card table byte_map: [0x00000243f6b00000,0x00000243f6c00000] _byte_map_base: 0x00000243f6400000

Marking Bits (Prev, Next): (CMBitMap*) 0x00000243dfbf3ea0, (CMBitMap*) 0x00000243dfbf3e60
 Prev Bits: [0x00000243f7500000, 0x00000243f7d00000)
 Next Bits: [0x00000243f6d00000, 0x00000243f7500000)

Polling page: 0x00000243ddd40000

Metaspace:

Usage:
  Non-class:     59.84 MB used.
      Class:      9.35 MB used.
       Both:     69.19 MB used.

Virtual space:
  Non-class space:       64.00 MB reserved,      60.13 MB ( 94%) committed,  8 nodes.
      Class space:      208.00 MB reserved,       9.63 MB (  5%) committed,  1 nodes.
             Both:      272.00 MB reserved,      69.75 MB ( 26%) committed. 

Chunk freelists:
   Non-Class:  3.13 MB
       Class:  2.26 MB
        Both:  5.39 MB

MaxMetaspaceSize: 256.00 MB
CompressedClassSpaceSize: 208.00 MB
Initial GC threshold: 21.00 MB
Current GC threshold: 98.38 MB
CDS: on
MetaspaceReclaimPolicy: balanced
 - commit_granule_bytes: 65536.
 - commit_granule_words: 8192.
 - virtual_space_node_default_size: 1048576.
 - enlarge_chunks_in_place: 1.
 - new_chunks_are_fully_committed: 0.
 - uncommit_free_chunks: 1.
 - use_allocation_guard: 0.
 - handle_deallocations: 1.


Internal statistics:

num_allocs_failed_limit: 9.
num_arena_births: 630.
num_arena_deaths: 0.
num_vsnodes_births: 9.
num_vsnodes_deaths: 0.
num_space_committed: 1116.
num_space_uncommitted: 0.
num_chunks_returned_to_freelist: 9.
num_chunks_taken_from_freelist: 3151.
num_chunk_merges: 9.
num_chunk_splits: 2137.
num_chunks_enlarged: 1493.
num_purges: 0.
num_inconsistent_stats: 0.

CodeHeap 'non-profiled nmethods': size=120000Kb used=4449Kb max_used=5093Kb free=115550Kb
 bounds [0x00000243ef1a0000, 0x00000243ef6b0000, 0x00000243f66d0000]
CodeHeap 'profiled nmethods': size=120000Kb used=16790Kb max_used=17924Kb free=103209Kb
 bounds [0x00000243e7c70000, 0x00000243e8e00000, 0x00000243ef1a0000]
CodeHeap 'non-nmethods': size=5760Kb used=2419Kb max_used=2478Kb free=3340Kb
 bounds [0x00000243e76d0000, 0x00000243e7940000, 0x00000243e7c70000]
 total_blobs=9129 nmethods=8190 adapters=849
 compilation: enabled
              stopped_count=0, restarted_count=0
 full_count=0

Compilation events (20 events):
Event: 15.690 Thread 0x00000243fa723e70 9673       3       java.util.HashSet::clear (8 bytes)
Event: 15.691 Thread 0x00000243fa723e70 nmethod 9673 0x00000243e7f21c90 code [0x00000243e7f21e40, 0x00000243e7f22008]
Event: 15.703 Thread 0x00000243fa723e70 9674       3       java.lang.ProcessEnvironment$CheckedEntrySet$1::hasNext (10 bytes)
Event: 15.704 Thread 0x00000243fa723e70 nmethod 9674 0x00000243e8c86910 code [0x00000243e8c86ac0, 0x00000243e8c86c88]
Event: 15.704 Thread 0x00000243fa723e70 9677       3       java.lang.ProcessEnvironment$CheckedEntry::getKey (5 bytes)
Event: 15.704 Thread 0x00000243fa723e70 nmethod 9677 0x00000243e816cc90 code [0x00000243e816ce40, 0x00000243e816d168]
Event: 15.704 Thread 0x00000243fa723e70 9675       3       java.lang.ProcessEnvironment$CheckedEntrySet$1::next (5 bytes)
Event: 15.705 Thread 0x00000243fa723e70 nmethod 9675 0x00000243e816c210 code [0x00000243e816c3e0, 0x00000243e816c8c8]
Event: 15.705 Thread 0x00000243fa723e70 9678       3       java.lang.ProcessEnvironment$CheckedEntry::getKey (13 bytes)
Event: 15.705 Thread 0x00000243fa723e70 nmethod 9678 0x00000243e81db910 code [0x00000243e81dbac0, 0x00000243e81dbd88]
Event: 15.705 Thread 0x00000243fa723e70 9676       3       java.lang.ProcessEnvironment$CheckedEntrySet$1::next (20 bytes)
Event: 15.705 Thread 0x00000243fa723e70 nmethod 9676 0x00000243e81db190 code [0x00000243e81db360, 0x00000243e81db7c8]
Event: 15.738 Thread 0x00000243fa723e70 9683       3       java.lang.ThreadLocal$ThreadLocalMap$Entry::<init> (11 bytes)
Event: 15.739 Thread 0x00000243fa723e70 nmethod 9683 0x00000243e823fc10 code [0x00000243e823fde0, 0x00000243e82401b8]
Event: 15.789 Thread 0x00000243fa722ca0 nmethod 9456 0x00000243ef340590 code [0x00000243ef340a00, 0x00000243ef3467e8]
Event: 15.790 Thread 0x00000243fa722ca0 9641       4       java.util.concurrent.locks.AbstractQueuedSynchronizer$Node::setPrevRelaxed (12 bytes)
Event: 15.791 Thread 0x00000243fa722ca0 nmethod 9641 0x00000243ef4d7b90 code [0x00000243ef4d7d00, 0x00000243ef4d7e38]
Event: 15.823 Thread 0x0000024380be9a40 nmethod 9672 0x00000243ef248d10 code [0x00000243ef249020, 0x00000243ef24c3a0]
Event: 15.908 Thread 0x00000243fa722ca0 9684       4       java.util.concurrent.locks.LockSupport::setBlocker (12 bytes)
Event: 15.910 Thread 0x00000243fa722ca0 nmethod 9684 0x00000243ef4d7810 code [0x00000243ef4d7980, 0x00000243ef4d7a98]

GC Heap History (14 events):
Event: 0.837 GC heap before
{Heap before GC invocations=0 (full 0):
 garbage-first heap   total 262144K, used 28672K [0x00000000e0000000, 0x0000000100000000)
  region size 1024K, 23 young (23552K), 0 survivors (0K)
 Metaspace       used 2971K, committed 3136K, reserved 221184K
  class space    used 380K, committed 448K, reserved 212992K
}
Event: 0.842 GC heap after
{Heap after GC invocations=1 (full 0):
 garbage-first heap   total 262144K, used 9193K [0x00000000e0000000, 0x0000000100000000)
  region size 1024K, 3 young (3072K), 3 survivors (3072K)
 Metaspace       used 2971K, committed 3136K, reserved 221184K
  class space    used 380K, committed 448K, reserved 212992K
}
Event: 1.329 GC heap before
{Heap before GC invocations=1 (full 0):
 garbage-first heap   total 262144K, used 36841K [0x00000000e0000000, 0x0000000100000000)
  region size 1024K, 30 young (30720K), 3 survivors (3072K)
 Metaspace       used 3893K, committed 4096K, reserved 221184K
  class space    used 477K, committed 576K, reserved 212992K
}
Event: 1.334 GC heap after
{Heap after GC invocations=2 (full 0):
 garbage-first heap   total 262144K, used 13233K [0x00000000e0000000, 0x0000000100000000)
  region size 1024K, 4 young (4096K), 4 survivors (4096K)
 Metaspace       used 3893K, committed 4096K, reserved 221184K
  class space    used 477K, committed 576K, reserved 212992K
}
Event: 3.788 GC heap before
{Heap before GC invocations=2 (full 0):
 garbage-first heap   total 262144K, used 113585K [0x00000000e0000000, 0x0000000100000000)
  region size 1024K, 103 young (105472K), 4 survivors (4096K)
 Metaspace       used 21206K, committed 21504K, reserved 237568K
  class space    used 3179K, committed 3328K, reserved 212992K
}
Event: 3.799 GC heap after
{Heap after GC invocations=3 (full 0):
 garbage-first heap   total 262144K, used 20814K [0x00000000e0000000, 0x0000000100000000)
  region size 1024K, 12 young (12288K), 12 survivors (12288K)
 Metaspace       used 21206K, committed 21504K, reserved 237568K
  class space    used 3179K, committed 3328K, reserved 212992K
}
Event: 5.734 GC heap before
{Heap before GC invocations=4 (full 0):
 garbage-first heap   total 262144K, used 151886K [0x00000000e0000000, 0x0000000100000000)
  region size 1024K, 138 young (141312K), 12 survivors (12288K)
 Metaspace       used 33514K, committed 33920K, reserved 245760K
  class space    used 4688K, committed 4864K, reserved 212992K
}
Event: 5.755 GC heap after
{Heap after GC invocations=5 (full 0):
 garbage-first heap   total 262144K, used 30915K [0x00000000e0000000, 0x0000000100000000)
  region size 1024K, 18 young (18432K), 18 survivors (18432K)
 Metaspace       used 33514K, committed 33920K, reserved 245760K
  class space    used 4688K, committed 4864K, reserved 212992K
}
Event: 6.244 GC heap before
{Heap before GC invocations=5 (full 0):
 garbage-first heap   total 262144K, used 56515K [0x00000000e0000000, 0x0000000100000000)
  region size 1024K, 44 young (45056K), 18 survivors (18432K)
 Metaspace       used 35709K, committed 35968K, reserved 245760K
  class space    used 4927K, committed 5056K, reserved 212992K
}
Event: 6.259 GC heap after
{Heap after GC invocations=6 (full 0):
 garbage-first heap   total 262144K, used 32636K [0x00000000e0000000, 0x0000000100000000)
  region size 1024K, 13 young (13312K), 13 survivors (13312K)
 Metaspace       used 35709K, committed 35968K, reserved 245760K
  class space    used 4927K, committed 5056K, reserved 212992K
}
Event: 9.505 GC heap before
{Heap before GC invocations=7 (full 0):
 garbage-first heap   total 262144K, used 177020K [0x00000000e0000000, 0x0000000100000000)
  region size 1024K, 153 young (156672K), 13 survivors (13312K)
 Metaspace       used 49033K, committed 49472K, reserved 262144K
  class space    used 6898K, committed 7104K, reserved 212992K
}
Event: 9.530 GC heap after
{Heap after GC invocations=8 (full 0):
 garbage-first heap   total 262144K, used 43907K [0x00000000e0000000, 0x0000000100000000)
  region size 1024K, 14 young (14336K), 14 survivors (14336K)
 Metaspace       used 49033K, committed 49472K, reserved 262144K
  class space    used 6898K, committed 7104K, reserved 212992K
}
Event: 12.126 GC heap before
{Heap before GC invocations=8 (full 0):
 garbage-first heap   total 262144K, used 94083K [0x00000000e0000000, 0x0000000100000000)
  region size 1024K, 64 young (65536K), 14 survivors (14336K)
 Metaspace       used 59672K, committed 60160K, reserved 270336K
  class space    used 8239K, committed 8448K, reserved 212992K
}
Event: 12.143 GC heap after
{Heap after GC invocations=9 (full 0):
 garbage-first heap   total 262144K, used 49551K [0x00000000e0000000, 0x0000000100000000)
  region size 1024K, 6 young (6144K), 6 survivors (6144K)
 Metaspace       used 59672K, committed 60160K, reserved 270336K
  class space    used 8239K, committed 8448K, reserved 212992K
}

Dll operation events (12 events):
Event: 0.009 Loaded shared library C:\Users\Hp\.jdks\corretto-17.0.5\bin\java.dll
Event: 0.030 Loaded shared library C:\Users\Hp\.jdks\corretto-17.0.5\bin\jsvml.dll
Event: 0.114 Loaded shared library C:\Users\Hp\.jdks\corretto-17.0.5\bin\net.dll
Event: 0.116 Loaded shared library C:\Users\Hp\.jdks\corretto-17.0.5\bin\nio.dll
Event: 0.122 Loaded shared library C:\Users\Hp\.jdks\corretto-17.0.5\bin\zip.dll
Event: 0.398 Loaded shared library C:\Users\Hp\.jdks\corretto-17.0.5\bin\jimage.dll
Event: 0.471 Loaded shared library C:\Users\Hp\.jdks\corretto-17.0.5\bin\verify.dll
Event: 0.669 Loaded shared library C:\Users\Hp\.gradle\native\e1d6ef7f7dcc3fd88c89a11ec53ec762bb8ba0a96d01ffa2cd45eb1d1d8dd5c5\windows-amd64\native-platform.dll
Event: 0.675 Loaded shared library C:\Users\Hp\.gradle\native\0d407fdbe67a94daf76414ababcb853783967236a71b16ec16e742cd7a986fd3\windows-amd64\native-platform-file-events.dll
Event: 1.602 Loaded shared library C:\Users\Hp\.jdks\corretto-17.0.5\bin\management.dll
Event: 1.605 Loaded shared library C:\Users\Hp\.jdks\corretto-17.0.5\bin\management_ext.dll
Event: 1.989 Loaded shared library C:\Users\Hp\.jdks\corretto-17.0.5\bin\sunmscapi.dll

Deoptimization events (20 events):
Event: 15.649 Thread 0x00000243fb520aa0 Uncommon trap: trap_request=0xffffffde fr.pc=0x00000243ef30ae4c relative=0x00000000000003ec
Event: 15.649 Thread 0x00000243fb520aa0 Uncommon trap: reason=class_check action=maybe_recompile pc=0x00000243ef30ae4c method=java.util.Collections$SetFromMap.remove(Ljava/lang/Object;)Z @ 5 c2
Event: 15.649 Thread 0x00000243fb520aa0 DEOPT PACKING pc=0x00000243ef30ae4c sp=0x0000004557ffee20
Event: 15.649 Thread 0x00000243fb520aa0 DEOPT UNPACKING pc=0x00000243e7725ba3 sp=0x0000004557ffee08 mode 2
Event: 15.649 Thread 0x00000243fb520aa0 Uncommon trap: trap_request=0xffffffde fr.pc=0x00000243ef30ae4c relative=0x00000000000003ec
Event: 15.649 Thread 0x00000243fb520aa0 Uncommon trap: reason=class_check action=maybe_recompile pc=0x00000243ef30ae4c method=java.util.Collections$SetFromMap.remove(Ljava/lang/Object;)Z @ 5 c2
Event: 15.649 Thread 0x00000243fb520aa0 DEOPT PACKING pc=0x00000243ef30ae4c sp=0x0000004557ffecd0
Event: 15.649 Thread 0x00000243fb520aa0 DEOPT UNPACKING pc=0x00000243e7725ba3 sp=0x0000004557ffecb8 mode 2
Event: 15.654 Thread 0x00000243fb520aa0 Uncommon trap: trap_request=0xffffff45 fr.pc=0x00000243ef6165cc relative=0x000000000000022c
Event: 15.654 Thread 0x00000243fb520aa0 Uncommon trap: reason=unstable_if action=reinterpret pc=0x00000243ef6165cc method=java.lang.StringLatin1.lastIndexOf([BI[BII)I @ 86 c2
Event: 15.654 Thread 0x00000243fb520aa0 DEOPT PACKING pc=0x00000243ef6165cc sp=0x0000004557ffb430
Event: 15.654 Thread 0x00000243fb520aa0 DEOPT UNPACKING pc=0x00000243e7725ba3 sp=0x0000004557ffb310 mode 2
Event: 15.654 Thread 0x00000243fb520aa0 Uncommon trap: trap_request=0xffffff45 fr.pc=0x00000243ef5f6cc4 relative=0x0000000000000124
Event: 15.654 Thread 0x00000243fb520aa0 Uncommon trap: reason=unstable_if action=reinterpret pc=0x00000243ef5f6cc4 method=java.lang.StringLatin1.lastIndexOf([BI[BII)I @ 86 c2
Event: 15.654 Thread 0x00000243fb520aa0 DEOPT PACKING pc=0x00000243ef5f6cc4 sp=0x0000004557ffb390
Event: 15.654 Thread 0x00000243fb520aa0 DEOPT UNPACKING pc=0x00000243e7725ba3 sp=0x0000004557ffb310 mode 2
Event: 15.716 Thread 0x00000243fb523f90 Uncommon trap: trap_request=0xffffff45 fr.pc=0x00000243ef5ab378 relative=0x0000000000000398
Event: 15.716 Thread 0x00000243fb523f90 Uncommon trap: reason=unstable_if action=reinterpret pc=0x00000243ef5ab378 method=jdk.internal.org.objectweb.asm.MethodWriter.visitFieldInsn(ILjava/lang/String;Ljava/lang/String;Ljava/lang/String;)V @ 223 c2
Event: 15.716 Thread 0x00000243fb523f90 DEOPT PACKING pc=0x00000243ef5ab378 sp=0x0000004558cfd510
Event: 15.716 Thread 0x00000243fb523f90 DEOPT UNPACKING pc=0x00000243e7725ba3 sp=0x0000004558cfd490 mode 2

Classes unloaded (0 events):
No events

Classes redefined (0 events):
No events

Internal exceptions (20 events):
Event: 14.369 Thread 0x00000243fb520aa0 Exception <a 'sun/nio/fs/WindowsException'{0x00000000eb6cfdd0}> (0x00000000eb6cfdd0) 
thrown [s\src\hotspot\share\prims\jni.cpp, line 516]
Event: 14.369 Thread 0x00000243fb520aa0 Exception <a 'sun/nio/fs/WindowsException'{0x00000000eb6d0fd8}> (0x00000000eb6d0fd8) 
thrown [s\src\hotspot\share\prims\jni.cpp, line 516]
Event: 14.378 Thread 0x00000243fb520aa0 Exception <a 'sun/nio/fs/WindowsException'{0x00000000eb6fc300}> (0x00000000eb6fc300) 
thrown [s\src\hotspot\share\prims\jni.cpp, line 516]
Event: 14.383 Thread 0x00000243fb520aa0 Exception <a 'sun/nio/fs/WindowsException'{0x00000000eb5065b0}> (0x00000000eb5065b0) 
thrown [s\src\hotspot\share\prims\jni.cpp, line 516]
Event: 14.388 Thread 0x00000243fb520aa0 Exception <a 'sun/nio/fs/WindowsException'{0x00000000eb518288}> (0x00000000eb518288) 
thrown [s\src\hotspot\share\prims\jni.cpp, line 516]
Event: 14.392 Thread 0x00000243fb520aa0 Exception <a 'sun/nio/fs/WindowsException'{0x00000000eb5227f0}> (0x00000000eb5227f0) 
thrown [s\src\hotspot\share\prims\jni.cpp, line 516]
Event: 14.398 Thread 0x00000243fb520aa0 Exception <a 'sun/nio/fs/WindowsException'{0x00000000eb540ca0}> (0x00000000eb540ca0) 
thrown [s\src\hotspot\share\prims\jni.cpp, line 516]
Event: 15.631 Thread 0x00000243fd914ff0 Exception <a 'java/lang/NoSuchMethodError'{0x00000000effb7fb0}: static Lorg/gradle/internal/build/event/types/DefaultTaskFinishedProgressEvent;.<clinit>()V> (0x00000000effb7fb0) 
thrown [s\src\hotspot\share\prims\jni.cpp, line 1107]
Event: 15.634 Thread 0x00000243fd914ff0 Exception <a 'java/lang/NoSuchMethodError'{0x00000000ea509b08}: static Lorg/gradle/internal/build/event/types/DefaultJavaCompileTaskSuccessResult;.<clinit>()V> (0x00000000ea509b08) 
thrown [s\src\hotspot\share\prims\jni.cpp, line 1107]
Event: 15.634 Thread 0x00000243fd914ff0 Exception <a 'java/lang/NoSuchMethodError'{0x00000000ea50b278}: static Lorg/gradle/internal/build/event/types/DefaultTaskSuccessResult;.<clinit>()V> (0x00000000ea50b278) 
thrown [s\src\hotspot\share\prims\jni.cpp, line 1107]
Event: 15.634 Thread 0x00000243fd914ff0 Exception <a 'java/lang/NoSuchMethodError'{0x00000000ea50c3f0}: static Lorg/gradle/internal/build/event/types/AbstractTaskResult;.<clinit>()V> (0x00000000ea50c3f0) 
thrown [s\src\hotspot\share\prims\jni.cpp, line 1107]
Event: 15.638 Thread 0x00000243fd914ff0 Exception <a 'java/lang/NoSuchMethodError'{0x00000000ea529030}: static [Ljava/lang/Object;.<clinit>()V> (0x00000000ea529030) 
thrown [s\src\hotspot\share\prims\jni.cpp, line 1107]
Event: 15.647 Thread 0x00000243fd914ff0 Exception <a 'java/lang/NoSuchMethodError'{0x00000000ea56b470}: static Lorg/gradle/internal/build/event/types/DefaultTaskSkippedResult;.<clinit>()V> (0x00000000ea56b470) 
thrown [s\src\hotspot\share\prims\jni.cpp, line 1107]
Event: 15.667 Thread 0x00000243fb520aa0 Exception <a 'java/lang/NoSuchMethodError'{0x00000000ea594e70}: 'void java.lang.invoke.DirectMethodHandle$Holder.invokeInterface(java.lang.Object, java.lang.Object, java.lang.Object, java.lang.Object)'> (0x00000000ea594e70) 
thrown [s\src\hotspot\share\interpreter\linkResolver.cpp, line 759]
Event: 15.715 Thread 0x00000243fb523f90 Exception <a 'java/lang/NoSuchMethodError'{0x00000000ea4698c0}: 'void java.lang.invoke.DirectMethodHandle$Holder.invokeStatic(java.lang.Object, long)'> (0x00000000ea4698c0) 
thrown [s\src\hotspot\share\interpreter\linkResolver.cpp, line 759]
Event: 15.717 Thread 0x00000243fb523f90 Exception <a 'java/lang/NoSuchMethodError'{0x00000000ea46ec28}: 'java.lang.Object java.lang.invoke.DirectMethodHandle$Holder.newInvokeSpecial(java.lang.Object, long)'> (0x00000000ea46ec28) 
thrown [s\src\hotspot\share\interpreter\linkResolver.cpp, line 759]
Event: 15.722 Thread 0x00000243fb523f90 Exception <a 'java/lang/NoSuchMethodError'{0x00000000ea475758}: 'java.lang.Object java.lang.invoke.DirectMethodHandle$Holder.invokeStatic(java.lang.Object, java.lang.Object, long, java.lang.Object)'> (0x00000000ea475758) 
thrown [s\src\hotspot\share\interpreter\linkResolver.cpp, line 759]
Event: 15.723 Thread 0x00000243fb523f90 Exception <a 'java/lang/NoSuchMethodError'{0x00000000ea4791a8}: 'java.lang.Object java.lang.invoke.DirectMethodHandle$Holder.invokeStaticInit(java.lang.Object, java.lang.Object, long, java.lang.Object)'> (0x00000000ea4791a8) 
thrown [s\src\hotspot\share\interpreter\linkResolver.cpp, line 759]
Event: 15.724 Thread 0x00000243fb523f90 Exception <a 'java/lang/NoSuchMethodError'{0x00000000ea47f640}: 'java.lang.Object java.lang.invoke.DirectMethodHandle$Holder.newInvokeSpecial(java.lang.Object, java.lang.Object, long)'> (0x00000000ea47f640) 
thrown [s\src\hotspot\share\interpreter\linkResolver.cpp, line 759]
Event: 15.725 Thread 0x00000243fb523f90 Exception <a 'java/lang/NoSuchMethodError'{0x00000000ea483168}: 'java.lang.Object java.lang.invoke.Invokers$Holder.linkToTargetMethod(java.lang.Object, long, java.lang.Object)'> (0x00000000ea483168) 
thrown [s\src\hotspot\share\interpreter\linkResolver.cpp, line 759]

VM Operations (20 events):
Event: 13.967 Executing VM operation: ICBufferFull
Event: 13.967 Executing VM operation: ICBufferFull done
Event: 14.184 Executing VM operation: ICBufferFull
Event: 14.184 Executing VM operation: ICBufferFull done
Event: 14.318 Executing VM operation: ICBufferFull
Event: 14.318 Executing VM operation: ICBufferFull done
Event: 14.759 Executing VM operation: HandshakeAllThreads
Event: 14.759 Executing VM operation: HandshakeAllThreads done
Event: 14.772 Executing VM operation: ICBufferFull
Event: 14.773 Executing VM operation: ICBufferFull done
Event: 14.811 Executing VM operation: HandshakeAllThreads
Event: 14.811 Executing VM operation: HandshakeAllThreads done
Event: 14.834 Executing VM operation: HandshakeAllThreads
Event: 14.834 Executing VM operation: HandshakeAllThreads done
Event: 15.572 Executing VM operation: ICBufferFull
Event: 15.573 Executing VM operation: ICBufferFull done
Event: 15.626 Executing VM operation: HandshakeAllThreads
Event: 15.627 Executing VM operation: HandshakeAllThreads done
Event: 15.728 Executing VM operation: HandshakeAllThreads
Event: 15.729 Executing VM operation: HandshakeAllThreads done

Events (20 events):
Event: 15.692 loading class java/util/stream/ReduceOps$2 done
Event: 15.692 loading class java/util/stream/ReduceOps$2ReducingSink
Event: 15.692 loading class java/util/stream/ReduceOps$2ReducingSink done
Event: 15.701 Thread 0x00000243fb523f90 Thread added: 0x00000243fb523f90
Event: 15.701 loading class java/lang/ProcessBuilder
Event: 15.702 loading class java/lang/ProcessBuilder done
Event: 15.702 loading class java/lang/ProcessImpl
Event: 15.703 loading class java/lang/ProcessImpl done
Event: 15.719 loading class java/lang/ProcessHandleImpl
Event: 15.720 loading class java/lang/ProcessHandleImpl done
Event: 15.726 loading class java/lang/ProcessImpl$2
Event: 15.726 loading class java/lang/ProcessImpl$2 done
Event: 15.726 loading class java/lang/Process$PipeInputStream
Event: 15.726 loading class java/lang/Process$PipeInputStream done
Event: 15.729 loading class jdk/internal/event/ProcessStartEvent
Event: 15.729 loading class jdk/internal/event/ProcessStartEvent done
Event: 15.732 Thread 0x00000243fb525c70 Thread added: 0x00000243fb525c70
Event: 15.735 Thread 0x00000243fb5252d0 Thread added: 0x00000243fb5252d0
Event: 15.736 Thread 0x00000243fb526610 Thread added: 0x00000243fb526610
Event: 15.736 Thread 0x00000243fa71c100 Thread added: 0x00000243fa71c100


Dynamic libraries:
0x00007ff7eec10000 - 0x00007ff7eec1d000 	C:\Users\Hp\.jdks\corretto-17.0.5\bin\java.exe
0x00007ffac6110000 - 0x00007ffac6308000 	C:\windows\SYSTEM32\ntdll.dll
0x00007ffac5250000 - 0x00007ffac530f000 	C:\windows\System32\KERNEL32.DLL
0x00007ffac3d20000 - 0x00007ffac3ff2000 	C:\windows\System32\KERNELBASE.dll
0x00007ffac3810000 - 0x00007ffac3910000 	C:\windows\System32\ucrtbase.dll
0x00007ffabd7f0000 - 0x00007ffabd805000 	C:\Users\Hp\.jdks\corretto-17.0.5\bin\VCRUNTIME140.dll
0x00007ffaaf490000 - 0x00007ffaaf4a7000 	C:\Users\Hp\.jdks\corretto-17.0.5\bin\jli.dll
0x00007ffac4450000 - 0x00007ffac45ed000 	C:\windows\System32\USER32.dll
0x00007ffaaab90000 - 0x00007ffaaae2a000 	C:\windows\WinSxS\amd64_microsoft.windows.common-controls_6595b64144ccf1df_6.0.19041.1110_none_60b5254171f9507e\COMCTL32.dll
0x00007ffac4100000 - 0x00007ffac4122000 	C:\windows\System32\win32u.dll
0x00007ffac4f30000 - 0x00007ffac4fce000 	C:\windows\System32\msvcrt.dll
0x00007ffac4870000 - 0x00007ffac489b000 	C:\windows\System32\GDI32.dll
0x00007ffac3a10000 - 0x00007ffac3b1f000 	C:\windows\System32\gdi32full.dll
0x00007ffac3c80000 - 0x00007ffac3d1d000 	C:\windows\System32\msvcp_win.dll
0x00007ffac4ef0000 - 0x00007ffac4f22000 	C:\windows\System32\IMM32.DLL
0x00007ffa8c4c0000 - 0x00007ffa8c55b000 	C:\Users\Hp\.jdks\corretto-17.0.5\bin\msvcp140.dll
0x00007ffa665a0000 - 0x00007ffa671b4000 	C:\Users\Hp\.jdks\corretto-17.0.5\bin\server\jvm.dll
0x00007ffac4160000 - 0x00007ffac420e000 	C:\windows\System32\ADVAPI32.dll
0x00007ffac51b0000 - 0x00007ffac524c000 	C:\windows\System32\sechost.dll
0x00007ffac4970000 - 0x00007ffac4a95000 	C:\windows\System32\RPCRT4.dll
0x00007ffabf100000 - 0x00007ffabf109000 	C:\windows\SYSTEM32\WSOCK32.dll
0x00007ffaa98e0000 - 0x00007ffaa9907000 	C:\windows\SYSTEM32\WINMM.dll
0x00007ffabbe20000 - 0x00007ffabbe2a000 	C:\windows\SYSTEM32\VERSION.dll
0x00007ffac5bf0000 - 0x00007ffac5c5b000 	C:\windows\System32\WS2_32.dll
0x00007ffac2060000 - 0x00007ffac2072000 	C:\windows\SYSTEM32\kernel.appcore.dll
0x00007ffabee10000 - 0x00007ffabee1a000 	C:\Users\Hp\.jdks\corretto-17.0.5\bin\jimage.dll
0x00007ffac1e40000 - 0x00007ffac2024000 	C:\windows\SYSTEM32\DBGHELP.DLL
0x00007ffaacdb0000 - 0x00007ffaacddc000 	C:\windows\SYSTEM32\dbgcore.DLL
0x00007ffac4000000 - 0x00007ffac4082000 	C:\windows\System32\bcryptPrimitives.dll
0x00007ffaae250000 - 0x00007ffaae275000 	C:\Users\Hp\.jdks\corretto-17.0.5\bin\java.dll
0x00007ffa8b030000 - 0x00007ffa8b106000 	C:\Users\Hp\.jdks\corretto-17.0.5\bin\jsvml.dll
0x00007ffac5310000 - 0x00007ffac5a53000 	C:\windows\System32\SHELL32.dll
0x00007ffac15e0000 - 0x00007ffac1d72000 	C:\windows\SYSTEM32\windows.storage.dll
0x00007ffac4b00000 - 0x00007ffac4e54000 	C:\windows\System32\combase.dll
0x00007ffac3190000 - 0x00007ffac31c0000 	C:\windows\SYSTEM32\Wldp.dll
0x00007ffac5b40000 - 0x00007ffac5bed000 	C:\windows\System32\SHCORE.dll
0x00007ffac4230000 - 0x00007ffac4285000 	C:\windows\System32\shlwapi.dll
0x00007ffac3750000 - 0x00007ffac376f000 	C:\windows\SYSTEM32\profapi.dll
0x00007ffaae300000 - 0x00007ffaae319000 	C:\Users\Hp\.jdks\corretto-17.0.5\bin\net.dll
0x00007ffaaf820000 - 0x00007ffaaf92c000 	C:\windows\SYSTEM32\WINHTTP.dll
0x00007ffac2ef0000 - 0x00007ffac2f5a000 	C:\windows\system32\mswsock.dll
0x00007ffaae1e0000 - 0x00007ffaae1f5000 	C:\Users\Hp\.jdks\corretto-17.0.5\bin\nio.dll
0x00007ffaae1c0000 - 0x00007ffaae1d8000 	C:\Users\Hp\.jdks\corretto-17.0.5\bin\zip.dll
0x00007ffabd710000 - 0x00007ffabd720000 	C:\Users\Hp\.jdks\corretto-17.0.5\bin\verify.dll
0x00007ffabba50000 - 0x00007ffabba77000 	C:\Users\Hp\.gradle\native\e1d6ef7f7dcc3fd88c89a11ec53ec762bb8ba0a96d01ffa2cd45eb1d1d8dd5c5\windows-amd64\native-platform.dll
0x00007ffa8ad70000 - 0x00007ffa8aeb4000 	C:\Users\Hp\.gradle\native\0d407fdbe67a94daf76414ababcb853783967236a71b16ec16e742cd7a986fd3\windows-amd64\native-platform-file-events.dll
0x00007ffabba40000 - 0x00007ffabba49000 	C:\Users\Hp\.jdks\corretto-17.0.5\bin\management.dll
0x00007ffabba00000 - 0x00007ffabba0b000 	C:\Users\Hp\.jdks\corretto-17.0.5\bin\management_ext.dll
0x00007ffac4440000 - 0x00007ffac4448000 	C:\windows\System32\PSAPI.DLL
0x00007ffac30e0000 - 0x00007ffac30f8000 	C:\windows\SYSTEM32\CRYPTSP.dll
0x00007ffac2810000 - 0x00007ffac2844000 	C:\windows\system32\rsaenh.dll
0x00007ffac4130000 - 0x00007ffac4157000 	C:\windows\System32\bcrypt.dll
0x00007ffac3710000 - 0x00007ffac373e000 	C:\windows\SYSTEM32\USERENV.dll
0x00007ffac3100000 - 0x00007ffac310c000 	C:\windows\SYSTEM32\CRYPTBASE.dll
0x00007ffac2be0000 - 0x00007ffac2c1b000 	C:\windows\SYSTEM32\IPHLPAPI.DLL
0x00007ffac4860000 - 0x00007ffac4868000 	C:\windows\System32\NSI.dll
0x00007ffab9a90000 - 0x00007ffab9aa7000 	C:\windows\SYSTEM32\dhcpcsvc6.DLL
0x00007ffaba750000 - 0x00007ffaba76d000 	C:\windows\SYSTEM32\dhcpcsvc.DLL
0x00007ffac2c20000 - 0x00007ffac2cea000 	C:\windows\SYSTEM32\DNSAPI.dll
0x00007ffaae240000 - 0x00007ffaae24e000 	C:\Users\Hp\.jdks\corretto-17.0.5\bin\sunmscapi.dll
0x00007ffac3b20000 - 0x00007ffac3c76000 	C:\windows\System32\CRYPT32.dll
0x00007ffac3200000 - 0x00007ffac3227000 	C:\windows\SYSTEM32\ncrypt.dll
0x00007ffac31c0000 - 0x00007ffac31fb000 	C:\windows\SYSTEM32\NTASN1.dll
0x00007ffaae160000 - 0x00007ffaae167000 	C:\windows\system32\wshunix.dll
0x00007ffaac640000 - 0x00007ffaac64a000 	C:\Windows\System32\rasadhlp.dll
0x00007ffaac430000 - 0x00007ffaac4b0000 	C:\windows\System32\fwpuclnt.dll

dbghelp: loaded successfully - version: 4.0.5 - missing functions: none
symbol engine: initialized successfully - sym options: 0x614 - pdb path: .;C:\Users\Hp\.jdks\corretto-17.0.5\bin;C:\windows\SYSTEM32;C:\windows\WinSxS\amd64_microsoft.windows.common-controls_6595b64144ccf1df_6.0.19041.1110_none_60b5254171f9507e;C:\Users\Hp\.jdks\corretto-17.0.5\bin\server;C:\Users\Hp\.gradle\native\e1d6ef7f7dcc3fd88c89a11ec53ec762bb8ba0a96d01ffa2cd45eb1d1d8dd5c5\windows-amd64;C:\Users\Hp\.gradle\native\0d407fdbe67a94daf76414ababcb853783967236a71b16ec16e742cd7a986fd3\windows-amd64

VM Arguments:
jvm_args: --add-opens=java.base/java.util=ALL-UNNAMED --add-opens=java.base/java.lang=ALL-UNNAMED --add-opens=java.base/java.lang.invoke=ALL-UNNAMED --add-opens=java.base/java.util=ALL-UNNAMED --add-opens=java.prefs/java.util.prefs=ALL-UNNAMED --add-opens=java.prefs/java.util.prefs=ALL-UNNAMED --add-opens=java.base/java.nio.charset=ALL-UNNAMED --add-opens=java.base/java.net=ALL-UNNAMED --add-opens=java.base/java.util.concurrent.atomic=ALL-UNNAMED -XX:MaxMetaspaceSize=256m -XX:+HeapDumpOnOutOfMemoryError -Xms256m -Xmx512m -Dfile.encoding=windows-1252 -Duser.country=IN -Duser.language=en -Duser.variant 
java_command: org.gradle.launcher.daemon.bootstrap.GradleDaemon 7.4
java_class_path (initial): C:\Users\Hp\.gradle\wrapper\dists\gradle-7.4-bin\c0gwcg53nkjbqw7r0h0umtfvt\gradle-7.4\lib\gradle-launcher-7.4.jar
Launcher Type: SUN_STANDARD

[Global flags]
     intx CICompilerCount                          = 4                                         {product} {ergonomic}
   size_t CompressedClassSpaceSize                 = 218103808                                 {product} {ergonomic}
     uint ConcGCThreads                            = 2                                         {product} {ergonomic}
     uint G1ConcRefinementThreads                  = 8                                         {product} {ergonomic}
   size_t G1HeapRegionSize                         = 1048576                                   {product} {ergonomic}
    uintx GCDrainStackTargetSize                   = 64                                        {product} {ergonomic}
     bool HeapDumpOnOutOfMemoryError               = true                                   {manageable} {command line}
   size_t InitialHeapSize                          = 268435456                                 {product} {command line}
   size_t MarkStackSize                            = 4194304                                   {product} {ergonomic}
   size_t MaxHeapSize                              = 536870912                                 {product} {command line}
   size_t MaxMetaspaceSize                         = 268435456                                 {product} {command line}
   size_t MaxNewSize                               = 321912832                                 {product} {ergonomic}
   size_t MinHeapDeltaBytes                        = 1048576                                   {product} {ergonomic}
   size_t MinHeapSize                              = 268435456                                 {product} {command line}
    uintx NonNMethodCodeHeapSize                   = 5839372                                {pd product} {ergonomic}
    uintx NonProfiledCodeHeapSize                  = 122909434                              {pd product} {ergonomic}
    uintx ProfiledCodeHeapSize                     = 122909434                              {pd product} {ergonomic}
    uintx ReservedCodeCacheSize                    = 251658240                              {pd product} {ergonomic}
     bool SegmentedCodeCache                       = true                                      {product} {ergonomic}
   size_t SoftMaxHeapSize                          = 536870912                              {manageable} {ergonomic}
     bool UseCompressedClassPointers               = true                           {product lp64_product} {ergonomic}
     bool UseCompressedOops                        = true                           {product lp64_product} {ergonomic}
     bool UseG1GC                                  = true                                      {product} {ergonomic}
     bool UseLargePagesIndividualAllocation        = false                                  {pd product} {ergonomic}

Logging:
Log output configuration:
 #0: stdout all=warning uptime,level,tags
 #1: stderr all=off uptime,level,tags

Environment Variables:
PATH=C:\Program Files\Python38\Scripts\;C:\Program Files\Python38\;C:\windows\system32;C:\windows;C:\windows\System32\Wbem;C:\windows\System32\WindowsPowerShell\v1.0\;C:\windows\System32\OpenSSH\;C:\Program Files\Git\cmd;C:\Users\Hp\AppData\Local\Microsoft\WindowsApps;;C:\Users\Hp\AppData\Local\Programs\Microsoft VS Code\bin
USERNAME=Hp
OS=Windows_NT
PROCESSOR_IDENTIFIER=Intel64 Family 6 Model 126 Stepping 5, GenuineIntel
TMP=C:\Users\Hp\AppData\Local\Temp
TEMP=C:\Users\Hp\AppData\Local\Temp



---------------  S Y S T E M  ---------------

OS:
 Windows 10 , 64 bit Build 19041 (10.0.19041.2251)
OS uptime: 6 days 3:05 hours

CPU: total 8 (initial active 8) (4 cores per cpu, 2 threads per core) family 6 model 126 stepping 5 microcode 0xa8, cx8, cmov, fxsr, ht, mmx, 3dnowpref, sse, sse2, sse3, ssse3, sse4.1, sse4.2, popcnt, lzcnt, tsc, tscinvbit, avx, avx2, aes, erms, clmul, bmi1, bmi2, adx, avx512f, avx512dq, avx512cd, avx512bw, avx512vl, sha, fma, vzeroupper, avx512_vpopcntdq, avx512_vpclmulqdq, avx512_vaes, avx512_vnni, clflush, clflushopt, avx512_vbmi2, avx512_vbmi

Memory: 4k page, system-wide physical 7880M (816M free)
TotalPageFile size 11630M (AvailPageFile size 5M)
current process WorkingSet (physical memory assigned to process): 435M, peak: 454M
current process commit charge ("private bytes"): 517M, peak: 534M

vm_info: OpenJDK 64-Bit Server VM (17.0.5+8-LTS) for windows-amd64 JRE (17.0.5+8-LTS), built on Oct 13 2022 05:18:14 by "Administrator" with MS VC++ 15.9 (VS2017)

END.
